ARM GAS  C:\Users\DLCH\AppData\Local\Temp\cchUQeAh.s 			page 1


   1              		.cpu cortex-m3
   2              		.arch armv7-m
   3              		.fpu softvfp
   4              		.eabi_attribute 20, 1
   5              		.eabi_attribute 21, 1
   6              		.eabi_attribute 23, 3
   7              		.eabi_attribute 24, 1
   8              		.eabi_attribute 25, 1
   9              		.eabi_attribute 26, 1
  10              		.eabi_attribute 30, 6
  11              		.eabi_attribute 34, 1
  12              		.eabi_attribute 18, 4
  13              		.file	"global.c"
  14              		.text
  15              	.Ltext0:
  16              		.cfi_sections	.debug_frame
  17              		.global	red_time
  18              		.section	.data.red_time,"aw"
  19              		.align	2
  22              	red_time:
  23 0000 10270000 		.word	10000
  24              		.global	green_time
  25              		.section	.data.green_time,"aw"
  26              		.align	2
  29              	green_time:
  30 0000 581B0000 		.word	7000
  31              		.global	yellow_time
  32              		.section	.data.yellow_time,"aw"
  33              		.align	2
  36              	yellow_time:
  37 0000 B80B0000 		.word	3000
  38              		.global	temp_red_time
  39              		.section	.data.temp_red_time,"aw"
  40              		.align	2
  43              	temp_red_time:
  44 0000 E8030000 		.word	1000
  45              		.global	temp_green_time
  46              		.section	.data.temp_green_time,"aw"
  47              		.align	2
  50              	temp_green_time:
  51 0000 E8030000 		.word	1000
  52              		.global	temp_yellow_time
  53              		.section	.data.temp_yellow_time,"aw"
  54              		.align	2
  57              	temp_yellow_time:
  58 0000 E8030000 		.word	1000
  59              		.global	state
  60              		.section	.bss.state,"aw",%nobits
  63              	state:
  64 0000 00       		.space	1
  65              		.text
  66              	.Letext0:
  67              		.file 1 "d:\\stm32cube_ide\\stm32cubeide_1.7.0\\stm32cubeide\\plugins\\com.st.stm32cube.ide.mcu.ex
  68              		.file 2 "d:\\stm32cube_ide\\stm32cubeide_1.7.0\\stm32cubeide\\plugins\\com.st.stm32cube.ide.mcu.ex
  69              		.file 3 "Core/Inc/global.h"
  70              		.file 4 "./Core/Src/global.c"
ARM GAS  C:\Users\DLCH\AppData\Local\Temp\cchUQeAh.s 			page 2


DEFINED SYMBOLS
                            *ABS*:0000000000000000 global.c
C:\Users\DLCH\AppData\Local\Temp\cchUQeAh.s:22     .data.red_time:0000000000000000 red_time
C:\Users\DLCH\AppData\Local\Temp\cchUQeAh.s:19     .data.red_time:0000000000000000 $d
C:\Users\DLCH\AppData\Local\Temp\cchUQeAh.s:29     .data.green_time:0000000000000000 green_time
C:\Users\DLCH\AppData\Local\Temp\cchUQeAh.s:26     .data.green_time:0000000000000000 $d
C:\Users\DLCH\AppData\Local\Temp\cchUQeAh.s:36     .data.yellow_time:0000000000000000 yellow_time
C:\Users\DLCH\AppData\Local\Temp\cchUQeAh.s:33     .data.yellow_time:0000000000000000 $d
C:\Users\DLCH\AppData\Local\Temp\cchUQeAh.s:43     .data.temp_red_time:0000000000000000 temp_red_time
C:\Users\DLCH\AppData\Local\Temp\cchUQeAh.s:40     .data.temp_red_time:0000000000000000 $d
C:\Users\DLCH\AppData\Local\Temp\cchUQeAh.s:50     .data.temp_green_time:0000000000000000 temp_green_time
C:\Users\DLCH\AppData\Local\Temp\cchUQeAh.s:47     .data.temp_green_time:0000000000000000 $d
C:\Users\DLCH\AppData\Local\Temp\cchUQeAh.s:57     .data.temp_yellow_time:0000000000000000 temp_yellow_time
C:\Users\DLCH\AppData\Local\Temp\cchUQeAh.s:54     .data.temp_yellow_time:0000000000000000 $d
C:\Users\DLCH\AppData\Local\Temp\cchUQeAh.s:63     .bss.state:0000000000000000 state
C:\Users\DLCH\AppData\Local\Temp\cchUQeAh.s:64     .bss.state:0000000000000000 $d
                           .group:0000000000000000 wm4.0.cb5f01749778df26340c4505df3d34d0
                           .group:0000000000000000 wm4.stm32f1xx_hal_conf.h.22.844a2f06328adeab13e6d7f89c6deb9b
                           .group:0000000000000000 wm4.stm32f1xx.h.39.208bb8a61c892b7c37d899c49a031330
                           .group:0000000000000000 wm4.stm32f103xb.h.38.ec967d5ad9d3269cb0788eebda048e38
                           .group:0000000000000000 wm4._newlib_version.h.4.bfdf54b0af045d4a71376ae00f63a22c
                           .group:0000000000000000 wm4.features.h.33.318b64d71e0957639cfb30f1db1f7ec8
                           .group:0000000000000000 wm4._default_types.h.15.247e5cd201eca3442cbf5404108c4935
                           .group:0000000000000000 wm4._intsup.h.10.48bafbb683905c4daa4565a85aeeb264
                           .group:0000000000000000 wm4._stdint.h.10.c24fa3af3bc1706662bb5593a907e841
                           .group:0000000000000000 wm4.stdint.h.23.d53047a68f4a85177f80b422d52785ed
                           .group:0000000000000000 wm4.cmsis_version.h.32.4d5822004c01a829a975260e854b5f8e
                           .group:0000000000000000 wm4.core_cm3.h.66.fc46cac19810db8f98d67da7ef88f42c
                           .group:0000000000000000 wm4.cmsis_gcc.h.26.4f5798e999d5690b80e6ded3ecc94b37
                           .group:0000000000000000 wm4.core_cm3.h.127.f4474120f1a7524deb56f9d74ff175da
                           .group:0000000000000000 wm4.stm32f103xb.h.573.10249aa7473ca93be896fed94046a725
                           .group:0000000000000000 wm4.stm32f1xx.h.162.96b09079a093c34dbd7f0b85cbd0ddee
                           .group:0000000000000000 wm4.stm32_hal_legacy.h.23.91ba5b544a4c2be2620a1e7ff0049e10
                           .group:0000000000000000 wm4.stddef.h.39.144cf5ddcd53cbfdac30259dc1a6c87f
                           .group:0000000000000000 wm4.stm32f1xx_hal_def.h.57.18d01ce1aa74e9fb44dbf16f821a574a
                           .group:0000000000000000 wm4.stm32f1xx_hal_rcc.h.95.21591bbc513aaa813c0b8640c3b32517
                           .group:0000000000000000 wm4.stm32f1xx_hal_rcc_ex.h.22.8763f99bc1e3e2dcf0febe9161d81b37
                           .group:0000000000000000 wm4.stm32f1xx_hal_rcc.h.1202.f8e5f9e0cf4eef7840facf5396029056
                           .group:0000000000000000 wm4.stm32f1xx_hal_gpio.h.22.fa638d688dcc57ca806fe6a7831b0d04
                           .group:0000000000000000 wm4.stm32f1xx_hal_gpio_ex.h.22.51a50ef3512cd78017ce666a32d364bf
                           .group:0000000000000000 wm4.stm32f1xx_hal_gpio.h.263.f5ebf2f545ade59412ab9261c8e35dc4
                           .group:0000000000000000 wm4.stm32f1xx_hal_exti.h.22.e26491d042c8079c3ca67eca341af862
                           .group:0000000000000000 wm4.stm32f1xx_hal_dma.h.22.3c14338534886827bf3aeaa2a7f412a1
                           .group:0000000000000000 wm4.stm32f1xx_hal_dma_ex.h.22.001ac4d7f81ccbdcae49bd65c13858c8
                           .group:0000000000000000 wm4.stm32f1xx_hal_dma.h.409.cafcd2cfe701091535636be537c18293
                           .group:0000000000000000 wm4.stm32f1xx_hal_cortex.h.22.b5f4174bb6a50d95405567b8f50e0900
                           .group:0000000000000000 wm4.stm32f1xx_hal_flash.h.22.5cea9a7210e6315b41724b47b5fdf203
                           .group:0000000000000000 wm4.stm32f1xx_hal_flash_ex.h.22.d4e19c21f2a86fa2f8ec2c2d5f1ab2af
                           .group:0000000000000000 wm4.stm32f1xx_hal_pwr.h.22.3438c476faafc3240bf146f143df3fcd
                           .group:0000000000000000 wm4.stm32f1xx_hal_tim.h.22.a16e206564e97dbace9faae59a0d6008
                           .group:0000000000000000 wm4.stm32f1xx_hal_uart.h.22.5f7992e497faa36aa98f09f7214f4dbb
                           .group:0000000000000000 wm4.stm32f1xx_hal.h.88.91065c0692bed6019c34f1e9c00589fd
                           .group:0000000000000000 wm4.main.h.62.d895ccf9707ed1f9c21d5d1ab82a4f23

NO UNDEFINED SYMBOLS
