ARM GAS  C:\Users\DLCH\AppData\Local\Temp\cc7ULKcJ.s 			page 1


   1              		.cpu cortex-m3
   2              		.arch armv7-m
   3              		.fpu softvfp
   4              		.eabi_attribute 20, 1
   5              		.eabi_attribute 21, 1
   6              		.eabi_attribute 23, 3
   7              		.eabi_attribute 24, 1
   8              		.eabi_attribute 25, 1
   9              		.eabi_attribute 26, 1
  10              		.eabi_attribute 30, 6
  11              		.eabi_attribute 34, 1
  12              		.eabi_attribute 18, 4
  13              		.file	"main.c"
  14              		.text
  15              	.Ltext0:
  16              		.cfi_sections	.debug_frame
  17              		.global	htim2
  18              		.section	.bss.htim2,"aw",%nobits
  19              		.align	2
  22              	htim2:
  23 0000 00000000 		.space	72
  23      00000000 
  23      00000000 
  23      00000000 
  23      00000000 
  24              		.global	htim3
  25              		.section	.bss.htim3,"aw",%nobits
  26              		.align	2
  29              	htim3:
  30 0000 00000000 		.space	72
  30      00000000 
  30      00000000 
  30      00000000 
  30      00000000 
  31              		.global	huart2
  32              		.section	.bss.huart2,"aw",%nobits
  33              		.align	2
  36              	huart2:
  37 0000 00000000 		.space	68
  37      00000000 
  37      00000000 
  37      00000000 
  37      00000000 
  38              		.section	.text.main,"ax",%progbits
  39              		.align	1
  40              		.global	main
  41              		.syntax unified
  42              		.thumb
  43              		.thumb_func
  45              	main:
  46              	.LFB65:
  47              		.file 1 "./Core/Src/main.c"
   1:./Core/Src/main.c **** /* USER CODE BEGIN Header */
   2:./Core/Src/main.c **** /**
   3:./Core/Src/main.c ****  ******************************************************************************
   4:./Core/Src/main.c ****  * @file           : main.c
   5:./Core/Src/main.c ****  * @brief          : Main program body
ARM GAS  C:\Users\DLCH\AppData\Local\Temp\cc7ULKcJ.s 			page 2


   6:./Core/Src/main.c ****  ******************************************************************************
   7:./Core/Src/main.c ****  * @attention
   8:./Core/Src/main.c ****  *
   9:./Core/Src/main.c ****  * Copyright (c) 2022 STMicroelectronics.
  10:./Core/Src/main.c ****  * All rights reserved.
  11:./Core/Src/main.c ****  *
  12:./Core/Src/main.c ****  * This software is licensed under terms that can be found in the LICENSE file
  13:./Core/Src/main.c ****  * in the root directory of this software component.
  14:./Core/Src/main.c ****  * If no LICENSE file comes with this software, it is provided AS-IS.
  15:./Core/Src/main.c ****  *
  16:./Core/Src/main.c ****  ******************************************************************************
  17:./Core/Src/main.c ****  */
  18:./Core/Src/main.c **** /* USER CODE END Header */
  19:./Core/Src/main.c **** /* Includes ------------------------------------------------------------------*/
  20:./Core/Src/main.c **** #include "main.h"
  21:./Core/Src/main.c **** /* Private includes ----------------------------------------------------------*/
  22:./Core/Src/main.c **** /* USER CODE BEGIN Includes */
  23:./Core/Src/main.c **** #include "global.h"
  24:./Core/Src/main.c **** #include "fsm_auto.h"
  25:./Core/Src/main.c **** #include "fsm_manual.h"
  26:./Core/Src/main.c **** /* USER CODE END Includes */
  27:./Core/Src/main.c **** 
  28:./Core/Src/main.c **** /* Private typedef -----------------------------------------------------------*/
  29:./Core/Src/main.c **** /* USER CODE BEGIN PTD */
  30:./Core/Src/main.c **** 
  31:./Core/Src/main.c **** /* USER CODE END PTD */
  32:./Core/Src/main.c **** 
  33:./Core/Src/main.c **** /* Private define ------------------------------------------------------------*/
  34:./Core/Src/main.c **** /* USER CODE BEGIN PD */
  35:./Core/Src/main.c **** /* USER CODE END PD */
  36:./Core/Src/main.c **** 
  37:./Core/Src/main.c **** /* Private macro -------------------------------------------------------------*/
  38:./Core/Src/main.c **** /* USER CODE BEGIN PM */
  39:./Core/Src/main.c **** 
  40:./Core/Src/main.c **** /* USER CODE END PM */
  41:./Core/Src/main.c **** 
  42:./Core/Src/main.c **** /* Private variables ---------------------------------------------------------*/
  43:./Core/Src/main.c **** TIM_HandleTypeDef htim2;
  44:./Core/Src/main.c **** TIM_HandleTypeDef htim3;
  45:./Core/Src/main.c **** 
  46:./Core/Src/main.c **** UART_HandleTypeDef huart2;
  47:./Core/Src/main.c **** 
  48:./Core/Src/main.c **** /* USER CODE BEGIN PV */
  49:./Core/Src/main.c **** 
  50:./Core/Src/main.c **** /* USER CODE END PV */
  51:./Core/Src/main.c **** 
  52:./Core/Src/main.c **** /* Private function prototypes -----------------------------------------------*/
  53:./Core/Src/main.c **** void SystemClock_Config(void);
  54:./Core/Src/main.c **** static void MX_GPIO_Init(void);
  55:./Core/Src/main.c **** static void MX_TIM2_Init(void);
  56:./Core/Src/main.c **** static void MX_TIM3_Init(void);
  57:./Core/Src/main.c **** static void MX_USART2_UART_Init(void);
  58:./Core/Src/main.c **** /* USER CODE BEGIN PFP */
  59:./Core/Src/main.c **** 
  60:./Core/Src/main.c **** /* USER CODE END PFP */
  61:./Core/Src/main.c **** 
  62:./Core/Src/main.c **** /* Private user code ---------------------------------------------------------*/
ARM GAS  C:\Users\DLCH\AppData\Local\Temp\cc7ULKcJ.s 			page 3


  63:./Core/Src/main.c **** /* USER CODE BEGIN 0 */
  64:./Core/Src/main.c **** 
  65:./Core/Src/main.c **** /* USER CODE END 0 */
  66:./Core/Src/main.c **** 
  67:./Core/Src/main.c **** /**
  68:./Core/Src/main.c ****  * @brief  The application entry point.
  69:./Core/Src/main.c ****  * @retval int
  70:./Core/Src/main.c ****  */
  71:./Core/Src/main.c **** int main(void)
  72:./Core/Src/main.c **** {
  48              		.loc 1 72 1
  49              		.cfi_startproc
  50              		@ args = 0, pretend = 0, frame = 0
  51              		@ frame_needed = 1, uses_anonymous_args = 0
  52 0000 80B5     		push	{r7, lr}
  53              		.cfi_def_cfa_offset 8
  54              		.cfi_offset 7, -8
  55              		.cfi_offset 14, -4
  56 0002 00AF     		add	r7, sp, #0
  57              		.cfi_def_cfa_register 7
  73:./Core/Src/main.c **** 	/* USER CODE BEGIN 1 */
  74:./Core/Src/main.c **** 
  75:./Core/Src/main.c **** 	/* USER CODE END 1 */
  76:./Core/Src/main.c **** 
  77:./Core/Src/main.c **** 	/* MCU Configuration--------------------------------------------------------*/
  78:./Core/Src/main.c **** 
  79:./Core/Src/main.c **** 	/* Reset of all peripherals, Initializes the Flash interface and the Systick. */
  80:./Core/Src/main.c **** 	HAL_Init();
  58              		.loc 1 80 2
  59 0004 FFF7FEFF 		bl	HAL_Init
  81:./Core/Src/main.c **** 
  82:./Core/Src/main.c **** 	/* USER CODE BEGIN Init */
  83:./Core/Src/main.c **** 
  84:./Core/Src/main.c **** 	/* USER CODE END Init */
  85:./Core/Src/main.c **** 
  86:./Core/Src/main.c **** 	/* Configure the system clock */
  87:./Core/Src/main.c **** 	SystemClock_Config();
  60              		.loc 1 87 2
  61 0008 FFF7FEFF 		bl	SystemClock_Config
  88:./Core/Src/main.c **** 
  89:./Core/Src/main.c **** 	/* USER CODE BEGIN SysInit */
  90:./Core/Src/main.c **** 
  91:./Core/Src/main.c **** 	/* USER CODE END SysInit */
  92:./Core/Src/main.c **** 
  93:./Core/Src/main.c **** 	/* Initialize all configured peripherals */
  94:./Core/Src/main.c **** 	MX_GPIO_Init();
  62              		.loc 1 94 2
  63 000c FFF7FEFF 		bl	MX_GPIO_Init
  95:./Core/Src/main.c **** 	MX_TIM2_Init();
  64              		.loc 1 95 2
  65 0010 FFF7FEFF 		bl	MX_TIM2_Init
  96:./Core/Src/main.c **** 	MX_TIM3_Init();
  66              		.loc 1 96 2
  67 0014 FFF7FEFF 		bl	MX_TIM3_Init
  97:./Core/Src/main.c **** 	MX_USART2_UART_Init();
  68              		.loc 1 97 2
  69 0018 FFF7FEFF 		bl	MX_USART2_UART_Init
ARM GAS  C:\Users\DLCH\AppData\Local\Temp\cc7ULKcJ.s 			page 4


  98:./Core/Src/main.c **** 	/* USER CODE BEGIN 2 */
  99:./Core/Src/main.c **** 	HAL_TIM_Base_Start_IT(&htim2);
  70              		.loc 1 99 2
  71 001c 0348     		ldr	r0, .L3
  72 001e FFF7FEFF 		bl	HAL_TIM_Base_Start_IT
  73              	.L2:
 100:./Core/Src/main.c **** 	//state = INIT;
 101:./Core/Src/main.c **** 	/* USER CODE END 2 */
 102:./Core/Src/main.c **** 
 103:./Core/Src/main.c **** 	/* Infinite loop */
 104:./Core/Src/main.c **** 	/* USER CODE BEGIN WHILE */
 105:./Core/Src/main.c **** 	while (1)
 106:./Core/Src/main.c **** 	{
 107:./Core/Src/main.c **** 		fsm_automatic_run();
  74              		.loc 1 107 3 discriminator 1
  75 0022 FFF7FEFF 		bl	fsm_automatic_run
 108:./Core/Src/main.c **** 		fsm_manual_run();
  76              		.loc 1 108 3 discriminator 1
  77 0026 FFF7FEFF 		bl	fsm_manual_run
 107:./Core/Src/main.c **** 		fsm_manual_run();
  78              		.loc 1 107 3 discriminator 1
  79 002a FAE7     		b	.L2
  80              	.L4:
  81              		.align	2
  82              	.L3:
  83 002c 00000000 		.word	htim2
  84              		.cfi_endproc
  85              	.LFE65:
  87              		.section	.text.SystemClock_Config,"ax",%progbits
  88              		.align	1
  89              		.global	SystemClock_Config
  90              		.syntax unified
  91              		.thumb
  92              		.thumb_func
  94              	SystemClock_Config:
  95              	.LFB66:
 109:./Core/Src/main.c **** 		/* USER CODE END WHILE */
 110:./Core/Src/main.c **** 
 111:./Core/Src/main.c **** 		/* USER CODE BEGIN 3 */
 112:./Core/Src/main.c **** 	}
 113:./Core/Src/main.c **** 	/* USER CODE END 3 */
 114:./Core/Src/main.c **** }
 115:./Core/Src/main.c **** 
 116:./Core/Src/main.c **** /**
 117:./Core/Src/main.c ****  * @brief System Clock Configuration
 118:./Core/Src/main.c ****  * @retval None
 119:./Core/Src/main.c ****  */
 120:./Core/Src/main.c **** void SystemClock_Config(void)
 121:./Core/Src/main.c **** {
  96              		.loc 1 121 1
  97              		.cfi_startproc
  98              		@ args = 0, pretend = 0, frame = 64
  99              		@ frame_needed = 1, uses_anonymous_args = 0
 100 0000 80B5     		push	{r7, lr}
 101              		.cfi_def_cfa_offset 8
 102              		.cfi_offset 7, -8
 103              		.cfi_offset 14, -4
ARM GAS  C:\Users\DLCH\AppData\Local\Temp\cc7ULKcJ.s 			page 5


 104 0002 90B0     		sub	sp, sp, #64
 105              		.cfi_def_cfa_offset 72
 106 0004 00AF     		add	r7, sp, #0
 107              		.cfi_def_cfa_register 7
 122:./Core/Src/main.c **** 	RCC_OscInitTypeDef RCC_OscInitStruct = {0};
 108              		.loc 1 122 21
 109 0006 07F11803 		add	r3, r7, #24
 110 000a 2822     		movs	r2, #40
 111 000c 0021     		movs	r1, #0
 112 000e 1846     		mov	r0, r3
 113 0010 FFF7FEFF 		bl	memset
 123:./Core/Src/main.c **** 	RCC_ClkInitTypeDef RCC_ClkInitStruct = {0};
 114              		.loc 1 123 21
 115 0014 3B1D     		adds	r3, r7, #4
 116 0016 0022     		movs	r2, #0
 117 0018 1A60     		str	r2, [r3]
 118 001a 5A60     		str	r2, [r3, #4]
 119 001c 9A60     		str	r2, [r3, #8]
 120 001e DA60     		str	r2, [r3, #12]
 121 0020 1A61     		str	r2, [r3, #16]
 124:./Core/Src/main.c **** 
 125:./Core/Src/main.c **** 	/** Initializes the RCC Oscillators according to the specified parameters
 126:./Core/Src/main.c **** 	 * in the RCC_OscInitTypeDef structure.
 127:./Core/Src/main.c **** 	 */
 128:./Core/Src/main.c **** 	RCC_OscInitStruct.OscillatorType = RCC_OSCILLATORTYPE_HSI;
 122              		.loc 1 128 35
 123 0022 0223     		movs	r3, #2
 124 0024 BB61     		str	r3, [r7, #24]
 129:./Core/Src/main.c **** 	RCC_OscInitStruct.HSIState = RCC_HSI_ON;
 125              		.loc 1 129 29
 126 0026 0123     		movs	r3, #1
 127 0028 BB62     		str	r3, [r7, #40]
 130:./Core/Src/main.c **** 	RCC_OscInitStruct.HSICalibrationValue = RCC_HSICALIBRATION_DEFAULT;
 128              		.loc 1 130 40
 129 002a 1023     		movs	r3, #16
 130 002c FB62     		str	r3, [r7, #44]
 131:./Core/Src/main.c **** 	RCC_OscInitStruct.PLL.PLLState = RCC_PLL_ON;
 131              		.loc 1 131 33
 132 002e 0223     		movs	r3, #2
 133 0030 7B63     		str	r3, [r7, #52]
 132:./Core/Src/main.c **** 	RCC_OscInitStruct.PLL.PLLSource = RCC_PLLSOURCE_HSI_DIV2;
 134              		.loc 1 132 34
 135 0032 0023     		movs	r3, #0
 136 0034 BB63     		str	r3, [r7, #56]
 133:./Core/Src/main.c **** 	RCC_OscInitStruct.PLL.PLLMUL = RCC_PLL_MUL16;
 137              		.loc 1 133 31
 138 0036 4FF46013 		mov	r3, #3670016
 139 003a FB63     		str	r3, [r7, #60]
 134:./Core/Src/main.c **** 	if (HAL_RCC_OscConfig(&RCC_OscInitStruct) != HAL_OK)
 140              		.loc 1 134 6
 141 003c 07F11803 		add	r3, r7, #24
 142 0040 1846     		mov	r0, r3
 143 0042 FFF7FEFF 		bl	HAL_RCC_OscConfig
 144 0046 0346     		mov	r3, r0
 145              		.loc 1 134 5
 146 0048 002B     		cmp	r3, #0
 147 004a 01D0     		beq	.L6
ARM GAS  C:\Users\DLCH\AppData\Local\Temp\cc7ULKcJ.s 			page 6


 135:./Core/Src/main.c **** 	{
 136:./Core/Src/main.c **** 		Error_Handler();
 148              		.loc 1 136 3
 149 004c FFF7FEFF 		bl	Error_Handler
 150              	.L6:
 137:./Core/Src/main.c **** 	}
 138:./Core/Src/main.c **** 
 139:./Core/Src/main.c **** 	/** Initializes the CPU, AHB and APB buses clocks
 140:./Core/Src/main.c **** 	 */
 141:./Core/Src/main.c **** 	RCC_ClkInitStruct.ClockType = RCC_CLOCKTYPE_HCLK|RCC_CLOCKTYPE_SYSCLK
 151              		.loc 1 141 30
 152 0050 0F23     		movs	r3, #15
 153 0052 7B60     		str	r3, [r7, #4]
 142:./Core/Src/main.c **** 			|RCC_CLOCKTYPE_PCLK1|RCC_CLOCKTYPE_PCLK2;
 143:./Core/Src/main.c **** 	RCC_ClkInitStruct.SYSCLKSource = RCC_SYSCLKSOURCE_PLLCLK;
 154              		.loc 1 143 33
 155 0054 0223     		movs	r3, #2
 156 0056 BB60     		str	r3, [r7, #8]
 144:./Core/Src/main.c **** 	RCC_ClkInitStruct.AHBCLKDivider = RCC_SYSCLK_DIV1;
 157              		.loc 1 144 34
 158 0058 0023     		movs	r3, #0
 159 005a FB60     		str	r3, [r7, #12]
 145:./Core/Src/main.c **** 	RCC_ClkInitStruct.APB1CLKDivider = RCC_HCLK_DIV2;
 160              		.loc 1 145 35
 161 005c 4FF48063 		mov	r3, #1024
 162 0060 3B61     		str	r3, [r7, #16]
 146:./Core/Src/main.c **** 	RCC_ClkInitStruct.APB2CLKDivider = RCC_HCLK_DIV1;
 163              		.loc 1 146 35
 164 0062 0023     		movs	r3, #0
 165 0064 7B61     		str	r3, [r7, #20]
 147:./Core/Src/main.c **** 
 148:./Core/Src/main.c **** 	if (HAL_RCC_ClockConfig(&RCC_ClkInitStruct, FLASH_LATENCY_2) != HAL_OK)
 166              		.loc 1 148 6
 167 0066 3B1D     		adds	r3, r7, #4
 168 0068 0221     		movs	r1, #2
 169 006a 1846     		mov	r0, r3
 170 006c FFF7FEFF 		bl	HAL_RCC_ClockConfig
 171 0070 0346     		mov	r3, r0
 172              		.loc 1 148 5
 173 0072 002B     		cmp	r3, #0
 174 0074 01D0     		beq	.L8
 149:./Core/Src/main.c **** 	{
 150:./Core/Src/main.c **** 		Error_Handler();
 175              		.loc 1 150 3
 176 0076 FFF7FEFF 		bl	Error_Handler
 177              	.L8:
 151:./Core/Src/main.c **** 	}
 152:./Core/Src/main.c **** }
 178              		.loc 1 152 1
 179 007a 00BF     		nop
 180 007c 4037     		adds	r7, r7, #64
 181              		.cfi_def_cfa_offset 8
 182 007e BD46     		mov	sp, r7
 183              		.cfi_def_cfa_register 13
 184              		@ sp needed
 185 0080 80BD     		pop	{r7, pc}
 186              		.cfi_endproc
ARM GAS  C:\Users\DLCH\AppData\Local\Temp\cc7ULKcJ.s 			page 7


 187              	.LFE66:
 189              		.section	.text.MX_TIM2_Init,"ax",%progbits
 190              		.align	1
 191              		.syntax unified
 192              		.thumb
 193              		.thumb_func
 195              	MX_TIM2_Init:
 196              	.LFB67:
 153:./Core/Src/main.c **** 
 154:./Core/Src/main.c **** /**
 155:./Core/Src/main.c ****  * @brief TIM2 Initialization Function
 156:./Core/Src/main.c ****  * @param None
 157:./Core/Src/main.c ****  * @retval None
 158:./Core/Src/main.c ****  */
 159:./Core/Src/main.c **** static void MX_TIM2_Init(void)
 160:./Core/Src/main.c **** {
 197              		.loc 1 160 1
 198              		.cfi_startproc
 199              		@ args = 0, pretend = 0, frame = 24
 200              		@ frame_needed = 1, uses_anonymous_args = 0
 201 0000 80B5     		push	{r7, lr}
 202              		.cfi_def_cfa_offset 8
 203              		.cfi_offset 7, -8
 204              		.cfi_offset 14, -4
 205 0002 86B0     		sub	sp, sp, #24
 206              		.cfi_def_cfa_offset 32
 207 0004 00AF     		add	r7, sp, #0
 208              		.cfi_def_cfa_register 7
 161:./Core/Src/main.c **** 
 162:./Core/Src/main.c **** 	/* USER CODE BEGIN TIM2_Init 0 */
 163:./Core/Src/main.c **** 
 164:./Core/Src/main.c **** 	/* USER CODE END TIM2_Init 0 */
 165:./Core/Src/main.c **** 
 166:./Core/Src/main.c **** 	TIM_ClockConfigTypeDef sClockSourceConfig = {0};
 209              		.loc 1 166 25
 210 0006 07F10803 		add	r3, r7, #8
 211 000a 0022     		movs	r2, #0
 212 000c 1A60     		str	r2, [r3]
 213 000e 5A60     		str	r2, [r3, #4]
 214 0010 9A60     		str	r2, [r3, #8]
 215 0012 DA60     		str	r2, [r3, #12]
 167:./Core/Src/main.c **** 	TIM_MasterConfigTypeDef sMasterConfig = {0};
 216              		.loc 1 167 26
 217 0014 3B46     		mov	r3, r7
 218 0016 0022     		movs	r2, #0
 219 0018 1A60     		str	r2, [r3]
 220 001a 5A60     		str	r2, [r3, #4]
 168:./Core/Src/main.c **** 
 169:./Core/Src/main.c **** 	/* USER CODE BEGIN TIM2_Init 1 */
 170:./Core/Src/main.c **** 
 171:./Core/Src/main.c **** 	/* USER CODE END TIM2_Init 1 */
 172:./Core/Src/main.c **** 	htim2.Instance = TIM2;
 221              		.loc 1 172 17
 222 001c 1D4B     		ldr	r3, .L14
 223 001e 4FF08042 		mov	r2, #1073741824
 224 0022 1A60     		str	r2, [r3]
 173:./Core/Src/main.c **** 	htim2.Init.Prescaler = 63;
ARM GAS  C:\Users\DLCH\AppData\Local\Temp\cc7ULKcJ.s 			page 8


 225              		.loc 1 173 23
 226 0024 1B4B     		ldr	r3, .L14
 227 0026 3F22     		movs	r2, #63
 228 0028 5A60     		str	r2, [r3, #4]
 174:./Core/Src/main.c **** 	htim2.Init.CounterMode = TIM_COUNTERMODE_UP;
 229              		.loc 1 174 25
 230 002a 1A4B     		ldr	r3, .L14
 231 002c 0022     		movs	r2, #0
 232 002e 9A60     		str	r2, [r3, #8]
 175:./Core/Src/main.c **** 	htim2.Init.Period = 999;
 233              		.loc 1 175 20
 234 0030 184B     		ldr	r3, .L14
 235 0032 40F2E732 		movw	r2, #999
 236 0036 DA60     		str	r2, [r3, #12]
 176:./Core/Src/main.c **** 	htim2.Init.ClockDivision = TIM_CLOCKDIVISION_DIV1;
 237              		.loc 1 176 27
 238 0038 164B     		ldr	r3, .L14
 239 003a 0022     		movs	r2, #0
 240 003c 1A61     		str	r2, [r3, #16]
 177:./Core/Src/main.c **** 	htim2.Init.AutoReloadPreload = TIM_AUTORELOAD_PRELOAD_DISABLE;
 241              		.loc 1 177 31
 242 003e 154B     		ldr	r3, .L14
 243 0040 0022     		movs	r2, #0
 244 0042 9A61     		str	r2, [r3, #24]
 178:./Core/Src/main.c **** 	if (HAL_TIM_Base_Init(&htim2) != HAL_OK)
 245              		.loc 1 178 6
 246 0044 1348     		ldr	r0, .L14
 247 0046 FFF7FEFF 		bl	HAL_TIM_Base_Init
 248 004a 0346     		mov	r3, r0
 249              		.loc 1 178 5
 250 004c 002B     		cmp	r3, #0
 251 004e 01D0     		beq	.L10
 179:./Core/Src/main.c **** 	{
 180:./Core/Src/main.c **** 		Error_Handler();
 252              		.loc 1 180 3
 253 0050 FFF7FEFF 		bl	Error_Handler
 254              	.L10:
 181:./Core/Src/main.c **** 	}
 182:./Core/Src/main.c **** 	sClockSourceConfig.ClockSource = TIM_CLOCKSOURCE_INTERNAL;
 255              		.loc 1 182 33
 256 0054 4FF48053 		mov	r3, #4096
 257 0058 BB60     		str	r3, [r7, #8]
 183:./Core/Src/main.c **** 	if (HAL_TIM_ConfigClockSource(&htim2, &sClockSourceConfig) != HAL_OK)
 258              		.loc 1 183 6
 259 005a 07F10803 		add	r3, r7, #8
 260 005e 1946     		mov	r1, r3
 261 0060 0C48     		ldr	r0, .L14
 262 0062 FFF7FEFF 		bl	HAL_TIM_ConfigClockSource
 263 0066 0346     		mov	r3, r0
 264              		.loc 1 183 5
 265 0068 002B     		cmp	r3, #0
 266 006a 01D0     		beq	.L11
 184:./Core/Src/main.c **** 	{
 185:./Core/Src/main.c **** 		Error_Handler();
 267              		.loc 1 185 3
 268 006c FFF7FEFF 		bl	Error_Handler
 269              	.L11:
ARM GAS  C:\Users\DLCH\AppData\Local\Temp\cc7ULKcJ.s 			page 9


 186:./Core/Src/main.c **** 	}
 187:./Core/Src/main.c **** 	sMasterConfig.MasterOutputTrigger = TIM_TRGO_RESET;
 270              		.loc 1 187 36
 271 0070 0023     		movs	r3, #0
 272 0072 3B60     		str	r3, [r7]
 188:./Core/Src/main.c **** 	sMasterConfig.MasterSlaveMode = TIM_MASTERSLAVEMODE_DISABLE;
 273              		.loc 1 188 32
 274 0074 0023     		movs	r3, #0
 275 0076 7B60     		str	r3, [r7, #4]
 189:./Core/Src/main.c **** 	if (HAL_TIMEx_MasterConfigSynchronization(&htim2, &sMasterConfig) != HAL_OK)
 276              		.loc 1 189 6
 277 0078 3B46     		mov	r3, r7
 278 007a 1946     		mov	r1, r3
 279 007c 0548     		ldr	r0, .L14
 280 007e FFF7FEFF 		bl	HAL_TIMEx_MasterConfigSynchronization
 281 0082 0346     		mov	r3, r0
 282              		.loc 1 189 5
 283 0084 002B     		cmp	r3, #0
 284 0086 01D0     		beq	.L13
 190:./Core/Src/main.c **** 	{
 191:./Core/Src/main.c **** 		Error_Handler();
 285              		.loc 1 191 3
 286 0088 FFF7FEFF 		bl	Error_Handler
 287              	.L13:
 192:./Core/Src/main.c **** 	}
 193:./Core/Src/main.c **** 	/* USER CODE BEGIN TIM2_Init 2 */
 194:./Core/Src/main.c **** 
 195:./Core/Src/main.c **** 	/* USER CODE END TIM2_Init 2 */
 196:./Core/Src/main.c **** 
 197:./Core/Src/main.c **** }
 288              		.loc 1 197 1
 289 008c 00BF     		nop
 290 008e 1837     		adds	r7, r7, #24
 291              		.cfi_def_cfa_offset 8
 292 0090 BD46     		mov	sp, r7
 293              		.cfi_def_cfa_register 13
 294              		@ sp needed
 295 0092 80BD     		pop	{r7, pc}
 296              	.L15:
 297              		.align	2
 298              	.L14:
 299 0094 00000000 		.word	htim2
 300              		.cfi_endproc
 301              	.LFE67:
 303              		.section	.text.MX_TIM3_Init,"ax",%progbits
 304              		.align	1
 305              		.syntax unified
 306              		.thumb
 307              		.thumb_func
 309              	MX_TIM3_Init:
 310              	.LFB68:
 198:./Core/Src/main.c **** 
 199:./Core/Src/main.c **** /**
 200:./Core/Src/main.c ****  * @brief TIM3 Initialization Function
 201:./Core/Src/main.c ****  * @param None
 202:./Core/Src/main.c ****  * @retval None
 203:./Core/Src/main.c ****  */
ARM GAS  C:\Users\DLCH\AppData\Local\Temp\cc7ULKcJ.s 			page 10


 204:./Core/Src/main.c **** static void MX_TIM3_Init(void)
 205:./Core/Src/main.c **** {
 311              		.loc 1 205 1
 312              		.cfi_startproc
 313              		@ args = 0, pretend = 0, frame = 56
 314              		@ frame_needed = 1, uses_anonymous_args = 0
 315 0000 80B5     		push	{r7, lr}
 316              		.cfi_def_cfa_offset 8
 317              		.cfi_offset 7, -8
 318              		.cfi_offset 14, -4
 319 0002 8EB0     		sub	sp, sp, #56
 320              		.cfi_def_cfa_offset 64
 321 0004 00AF     		add	r7, sp, #0
 322              		.cfi_def_cfa_register 7
 206:./Core/Src/main.c **** 
 207:./Core/Src/main.c **** 	/* USER CODE BEGIN TIM3_Init 0 */
 208:./Core/Src/main.c **** 
 209:./Core/Src/main.c **** 	/* USER CODE END TIM3_Init 0 */
 210:./Core/Src/main.c **** 
 211:./Core/Src/main.c **** 	TIM_ClockConfigTypeDef sClockSourceConfig = {0};
 323              		.loc 1 211 25
 324 0006 07F12803 		add	r3, r7, #40
 325 000a 0022     		movs	r2, #0
 326 000c 1A60     		str	r2, [r3]
 327 000e 5A60     		str	r2, [r3, #4]
 328 0010 9A60     		str	r2, [r3, #8]
 329 0012 DA60     		str	r2, [r3, #12]
 212:./Core/Src/main.c **** 	TIM_MasterConfigTypeDef sMasterConfig = {0};
 330              		.loc 1 212 26
 331 0014 07F12003 		add	r3, r7, #32
 332 0018 0022     		movs	r2, #0
 333 001a 1A60     		str	r2, [r3]
 334 001c 5A60     		str	r2, [r3, #4]
 213:./Core/Src/main.c **** 	TIM_OC_InitTypeDef sConfigOC = {0};
 335              		.loc 1 213 21
 336 001e 3B1D     		adds	r3, r7, #4
 337 0020 0022     		movs	r2, #0
 338 0022 1A60     		str	r2, [r3]
 339 0024 5A60     		str	r2, [r3, #4]
 340 0026 9A60     		str	r2, [r3, #8]
 341 0028 DA60     		str	r2, [r3, #12]
 342 002a 1A61     		str	r2, [r3, #16]
 343 002c 5A61     		str	r2, [r3, #20]
 344 002e 9A61     		str	r2, [r3, #24]
 214:./Core/Src/main.c **** 
 215:./Core/Src/main.c **** 	/* USER CODE BEGIN TIM3_Init 1 */
 216:./Core/Src/main.c **** 
 217:./Core/Src/main.c **** 	/* USER CODE END TIM3_Init 1 */
 218:./Core/Src/main.c **** 	htim3.Instance = TIM3;
 345              		.loc 1 218 17
 346 0030 2C4B     		ldr	r3, .L22
 347 0032 2D4A     		ldr	r2, .L22+4
 348 0034 1A60     		str	r2, [r3]
 219:./Core/Src/main.c **** 	htim3.Init.Prescaler = 63;
 349              		.loc 1 219 23
 350 0036 2B4B     		ldr	r3, .L22
 351 0038 3F22     		movs	r2, #63
ARM GAS  C:\Users\DLCH\AppData\Local\Temp\cc7ULKcJ.s 			page 11


 352 003a 5A60     		str	r2, [r3, #4]
 220:./Core/Src/main.c **** 	htim3.Init.CounterMode = TIM_COUNTERMODE_UP;
 353              		.loc 1 220 25
 354 003c 294B     		ldr	r3, .L22
 355 003e 0022     		movs	r2, #0
 356 0040 9A60     		str	r2, [r3, #8]
 221:./Core/Src/main.c **** 	htim3.Init.Period = 999;
 357              		.loc 1 221 20
 358 0042 284B     		ldr	r3, .L22
 359 0044 40F2E732 		movw	r2, #999
 360 0048 DA60     		str	r2, [r3, #12]
 222:./Core/Src/main.c **** 	htim3.Init.ClockDivision = TIM_CLOCKDIVISION_DIV1;
 361              		.loc 1 222 27
 362 004a 264B     		ldr	r3, .L22
 363 004c 0022     		movs	r2, #0
 364 004e 1A61     		str	r2, [r3, #16]
 223:./Core/Src/main.c **** 	htim3.Init.AutoReloadPreload = TIM_AUTORELOAD_PRELOAD_DISABLE;
 365              		.loc 1 223 31
 366 0050 244B     		ldr	r3, .L22
 367 0052 0022     		movs	r2, #0
 368 0054 9A61     		str	r2, [r3, #24]
 224:./Core/Src/main.c **** 	if (HAL_TIM_Base_Init(&htim3) != HAL_OK)
 369              		.loc 1 224 6
 370 0056 2348     		ldr	r0, .L22
 371 0058 FFF7FEFF 		bl	HAL_TIM_Base_Init
 372 005c 0346     		mov	r3, r0
 373              		.loc 1 224 5
 374 005e 002B     		cmp	r3, #0
 375 0060 01D0     		beq	.L17
 225:./Core/Src/main.c **** 	{
 226:./Core/Src/main.c **** 		Error_Handler();
 376              		.loc 1 226 3
 377 0062 FFF7FEFF 		bl	Error_Handler
 378              	.L17:
 227:./Core/Src/main.c **** 	}
 228:./Core/Src/main.c **** 	sClockSourceConfig.ClockSource = TIM_CLOCKSOURCE_INTERNAL;
 379              		.loc 1 228 33
 380 0066 4FF48053 		mov	r3, #4096
 381 006a BB62     		str	r3, [r7, #40]
 229:./Core/Src/main.c **** 	if (HAL_TIM_ConfigClockSource(&htim3, &sClockSourceConfig) != HAL_OK)
 382              		.loc 1 229 6
 383 006c 07F12803 		add	r3, r7, #40
 384 0070 1946     		mov	r1, r3
 385 0072 1C48     		ldr	r0, .L22
 386 0074 FFF7FEFF 		bl	HAL_TIM_ConfigClockSource
 387 0078 0346     		mov	r3, r0
 388              		.loc 1 229 5
 389 007a 002B     		cmp	r3, #0
 390 007c 01D0     		beq	.L18
 230:./Core/Src/main.c **** 	{
 231:./Core/Src/main.c **** 		Error_Handler();
 391              		.loc 1 231 3
 392 007e FFF7FEFF 		bl	Error_Handler
 393              	.L18:
 232:./Core/Src/main.c **** 	}
 233:./Core/Src/main.c **** 	if (HAL_TIM_PWM_Init(&htim3) != HAL_OK)
 394              		.loc 1 233 6
ARM GAS  C:\Users\DLCH\AppData\Local\Temp\cc7ULKcJ.s 			page 12


 395 0082 1848     		ldr	r0, .L22
 396 0084 FFF7FEFF 		bl	HAL_TIM_PWM_Init
 397 0088 0346     		mov	r3, r0
 398              		.loc 1 233 5
 399 008a 002B     		cmp	r3, #0
 400 008c 01D0     		beq	.L19
 234:./Core/Src/main.c **** 	{
 235:./Core/Src/main.c **** 		Error_Handler();
 401              		.loc 1 235 3
 402 008e FFF7FEFF 		bl	Error_Handler
 403              	.L19:
 236:./Core/Src/main.c **** 	}
 237:./Core/Src/main.c **** 	sMasterConfig.MasterOutputTrigger = TIM_TRGO_RESET;
 404              		.loc 1 237 36
 405 0092 0023     		movs	r3, #0
 406 0094 3B62     		str	r3, [r7, #32]
 238:./Core/Src/main.c **** 	sMasterConfig.MasterSlaveMode = TIM_MASTERSLAVEMODE_DISABLE;
 407              		.loc 1 238 32
 408 0096 0023     		movs	r3, #0
 409 0098 7B62     		str	r3, [r7, #36]
 239:./Core/Src/main.c **** 	if (HAL_TIMEx_MasterConfigSynchronization(&htim3, &sMasterConfig) != HAL_OK)
 410              		.loc 1 239 6
 411 009a 07F12003 		add	r3, r7, #32
 412 009e 1946     		mov	r1, r3
 413 00a0 1048     		ldr	r0, .L22
 414 00a2 FFF7FEFF 		bl	HAL_TIMEx_MasterConfigSynchronization
 415 00a6 0346     		mov	r3, r0
 416              		.loc 1 239 5
 417 00a8 002B     		cmp	r3, #0
 418 00aa 01D0     		beq	.L20
 240:./Core/Src/main.c **** 	{
 241:./Core/Src/main.c **** 		Error_Handler();
 419              		.loc 1 241 3
 420 00ac FFF7FEFF 		bl	Error_Handler
 421              	.L20:
 242:./Core/Src/main.c **** 	}
 243:./Core/Src/main.c **** 	sConfigOC.OCMode = TIM_OCMODE_PWM1;
 422              		.loc 1 243 19
 423 00b0 6023     		movs	r3, #96
 424 00b2 7B60     		str	r3, [r7, #4]
 244:./Core/Src/main.c **** 	sConfigOC.Pulse = 0;
 425              		.loc 1 244 18
 426 00b4 0023     		movs	r3, #0
 427 00b6 BB60     		str	r3, [r7, #8]
 245:./Core/Src/main.c **** 	sConfigOC.OCPolarity = TIM_OCPOLARITY_HIGH;
 428              		.loc 1 245 23
 429 00b8 0023     		movs	r3, #0
 430 00ba FB60     		str	r3, [r7, #12]
 246:./Core/Src/main.c **** 	sConfigOC.OCFastMode = TIM_OCFAST_DISABLE;
 431              		.loc 1 246 23
 432 00bc 0023     		movs	r3, #0
 433 00be 7B61     		str	r3, [r7, #20]
 247:./Core/Src/main.c **** 	if (HAL_TIM_PWM_ConfigChannel(&htim3, &sConfigOC, TIM_CHANNEL_1) != HAL_OK)
 434              		.loc 1 247 6
 435 00c0 3B1D     		adds	r3, r7, #4
 436 00c2 0022     		movs	r2, #0
 437 00c4 1946     		mov	r1, r3
ARM GAS  C:\Users\DLCH\AppData\Local\Temp\cc7ULKcJ.s 			page 13


 438 00c6 0748     		ldr	r0, .L22
 439 00c8 FFF7FEFF 		bl	HAL_TIM_PWM_ConfigChannel
 440 00cc 0346     		mov	r3, r0
 441              		.loc 1 247 5
 442 00ce 002B     		cmp	r3, #0
 443 00d0 01D0     		beq	.L21
 248:./Core/Src/main.c **** 	{
 249:./Core/Src/main.c **** 		Error_Handler();
 444              		.loc 1 249 3
 445 00d2 FFF7FEFF 		bl	Error_Handler
 446              	.L21:
 250:./Core/Src/main.c **** 	}
 251:./Core/Src/main.c **** 	/* USER CODE BEGIN TIM3_Init 2 */
 252:./Core/Src/main.c **** 
 253:./Core/Src/main.c **** 	/* USER CODE END TIM3_Init 2 */
 254:./Core/Src/main.c **** 	HAL_TIM_MspPostInit(&htim3);
 447              		.loc 1 254 2
 448 00d6 0348     		ldr	r0, .L22
 449 00d8 FFF7FEFF 		bl	HAL_TIM_MspPostInit
 255:./Core/Src/main.c **** 
 256:./Core/Src/main.c **** }
 450              		.loc 1 256 1
 451 00dc 00BF     		nop
 452 00de 3837     		adds	r7, r7, #56
 453              		.cfi_def_cfa_offset 8
 454 00e0 BD46     		mov	sp, r7
 455              		.cfi_def_cfa_register 13
 456              		@ sp needed
 457 00e2 80BD     		pop	{r7, pc}
 458              	.L23:
 459              		.align	2
 460              	.L22:
 461 00e4 00000000 		.word	htim3
 462 00e8 00040040 		.word	1073742848
 463              		.cfi_endproc
 464              	.LFE68:
 466              		.section	.text.MX_USART2_UART_Init,"ax",%progbits
 467              		.align	1
 468              		.syntax unified
 469              		.thumb
 470              		.thumb_func
 472              	MX_USART2_UART_Init:
 473              	.LFB69:
 257:./Core/Src/main.c **** 
 258:./Core/Src/main.c **** /**
 259:./Core/Src/main.c ****  * @brief USART2 Initialization Function
 260:./Core/Src/main.c ****  * @param None
 261:./Core/Src/main.c ****  * @retval None
 262:./Core/Src/main.c ****  */
 263:./Core/Src/main.c **** static void MX_USART2_UART_Init(void)
 264:./Core/Src/main.c **** {
 474              		.loc 1 264 1
 475              		.cfi_startproc
 476              		@ args = 0, pretend = 0, frame = 0
 477              		@ frame_needed = 1, uses_anonymous_args = 0
 478 0000 80B5     		push	{r7, lr}
 479              		.cfi_def_cfa_offset 8
ARM GAS  C:\Users\DLCH\AppData\Local\Temp\cc7ULKcJ.s 			page 14


 480              		.cfi_offset 7, -8
 481              		.cfi_offset 14, -4
 482 0002 00AF     		add	r7, sp, #0
 483              		.cfi_def_cfa_register 7
 265:./Core/Src/main.c **** 
 266:./Core/Src/main.c **** 	/* USER CODE BEGIN USART2_Init 0 */
 267:./Core/Src/main.c **** 
 268:./Core/Src/main.c **** 	/* USER CODE END USART2_Init 0 */
 269:./Core/Src/main.c **** 
 270:./Core/Src/main.c **** 	/* USER CODE BEGIN USART2_Init 1 */
 271:./Core/Src/main.c **** 
 272:./Core/Src/main.c **** 	/* USER CODE END USART2_Init 1 */
 273:./Core/Src/main.c **** 	huart2.Instance = USART2;
 484              		.loc 1 273 18
 485 0004 114B     		ldr	r3, .L27
 486 0006 124A     		ldr	r2, .L27+4
 487 0008 1A60     		str	r2, [r3]
 274:./Core/Src/main.c **** 	huart2.Init.BaudRate = 9600;
 488              		.loc 1 274 23
 489 000a 104B     		ldr	r3, .L27
 490 000c 4FF41652 		mov	r2, #9600
 491 0010 5A60     		str	r2, [r3, #4]
 275:./Core/Src/main.c **** 	huart2.Init.WordLength = UART_WORDLENGTH_8B;
 492              		.loc 1 275 25
 493 0012 0E4B     		ldr	r3, .L27
 494 0014 0022     		movs	r2, #0
 495 0016 9A60     		str	r2, [r3, #8]
 276:./Core/Src/main.c **** 	huart2.Init.StopBits = UART_STOPBITS_1;
 496              		.loc 1 276 23
 497 0018 0C4B     		ldr	r3, .L27
 498 001a 0022     		movs	r2, #0
 499 001c DA60     		str	r2, [r3, #12]
 277:./Core/Src/main.c **** 	huart2.Init.Parity = UART_PARITY_NONE;
 500              		.loc 1 277 21
 501 001e 0B4B     		ldr	r3, .L27
 502 0020 0022     		movs	r2, #0
 503 0022 1A61     		str	r2, [r3, #16]
 278:./Core/Src/main.c **** 	huart2.Init.Mode = UART_MODE_TX_RX;
 504              		.loc 1 278 19
 505 0024 094B     		ldr	r3, .L27
 506 0026 0C22     		movs	r2, #12
 507 0028 5A61     		str	r2, [r3, #20]
 279:./Core/Src/main.c **** 	huart2.Init.HwFlowCtl = UART_HWCONTROL_NONE;
 508              		.loc 1 279 24
 509 002a 084B     		ldr	r3, .L27
 510 002c 0022     		movs	r2, #0
 511 002e 9A61     		str	r2, [r3, #24]
 280:./Core/Src/main.c **** 	huart2.Init.OverSampling = UART_OVERSAMPLING_16;
 512              		.loc 1 280 27
 513 0030 064B     		ldr	r3, .L27
 514 0032 0022     		movs	r2, #0
 515 0034 DA61     		str	r2, [r3, #28]
 281:./Core/Src/main.c **** 	if (HAL_UART_Init(&huart2) != HAL_OK)
 516              		.loc 1 281 6
 517 0036 0548     		ldr	r0, .L27
 518 0038 FFF7FEFF 		bl	HAL_UART_Init
 519 003c 0346     		mov	r3, r0
ARM GAS  C:\Users\DLCH\AppData\Local\Temp\cc7ULKcJ.s 			page 15


 520              		.loc 1 281 5
 521 003e 002B     		cmp	r3, #0
 522 0040 01D0     		beq	.L26
 282:./Core/Src/main.c **** 	{
 283:./Core/Src/main.c **** 		Error_Handler();
 523              		.loc 1 283 3
 524 0042 FFF7FEFF 		bl	Error_Handler
 525              	.L26:
 284:./Core/Src/main.c **** 	}
 285:./Core/Src/main.c **** 	/* USER CODE BEGIN USART2_Init 2 */
 286:./Core/Src/main.c **** 
 287:./Core/Src/main.c **** 	/* USER CODE END USART2_Init 2 */
 288:./Core/Src/main.c **** 
 289:./Core/Src/main.c **** }
 526              		.loc 1 289 1
 527 0046 00BF     		nop
 528 0048 80BD     		pop	{r7, pc}
 529              	.L28:
 530 004a 00BF     		.align	2
 531              	.L27:
 532 004c 00000000 		.word	huart2
 533 0050 00440040 		.word	1073759232
 534              		.cfi_endproc
 535              	.LFE69:
 537              		.section	.text.MX_GPIO_Init,"ax",%progbits
 538              		.align	1
 539              		.syntax unified
 540              		.thumb
 541              		.thumb_func
 543              	MX_GPIO_Init:
 544              	.LFB70:
 290:./Core/Src/main.c **** 
 291:./Core/Src/main.c **** /**
 292:./Core/Src/main.c ****  * @brief GPIO Initialization Function
 293:./Core/Src/main.c ****  * @param None
 294:./Core/Src/main.c ****  * @retval None
 295:./Core/Src/main.c ****  */
 296:./Core/Src/main.c **** static void MX_GPIO_Init(void)
 297:./Core/Src/main.c **** {
 545              		.loc 1 297 1
 546              		.cfi_startproc
 547              		@ args = 0, pretend = 0, frame = 24
 548              		@ frame_needed = 1, uses_anonymous_args = 0
 549 0000 80B5     		push	{r7, lr}
 550              		.cfi_def_cfa_offset 8
 551              		.cfi_offset 7, -8
 552              		.cfi_offset 14, -4
 553 0002 86B0     		sub	sp, sp, #24
 554              		.cfi_def_cfa_offset 32
 555 0004 00AF     		add	r7, sp, #0
 556              		.cfi_def_cfa_register 7
 298:./Core/Src/main.c **** 	GPIO_InitTypeDef GPIO_InitStruct = {0};
 557              		.loc 1 298 19
 558 0006 07F10803 		add	r3, r7, #8
 559 000a 0022     		movs	r2, #0
 560 000c 1A60     		str	r2, [r3]
 561 000e 5A60     		str	r2, [r3, #4]
ARM GAS  C:\Users\DLCH\AppData\Local\Temp\cc7ULKcJ.s 			page 16


 562 0010 9A60     		str	r2, [r3, #8]
 563 0012 DA60     		str	r2, [r3, #12]
 564              	.LBB4:
 299:./Core/Src/main.c **** 
 300:./Core/Src/main.c **** 	/* GPIO Ports Clock Enable */
 301:./Core/Src/main.c **** 	__HAL_RCC_GPIOA_CLK_ENABLE();
 565              		.loc 1 301 2
 566 0014 2E4B     		ldr	r3, .L30
 567 0016 9B69     		ldr	r3, [r3, #24]
 568 0018 2D4A     		ldr	r2, .L30
 569 001a 43F00403 		orr	r3, r3, #4
 570 001e 9361     		str	r3, [r2, #24]
 571 0020 2B4B     		ldr	r3, .L30
 572 0022 9B69     		ldr	r3, [r3, #24]
 573 0024 03F00403 		and	r3, r3, #4
 574 0028 7B60     		str	r3, [r7, #4]
 575 002a 7B68     		ldr	r3, [r7, #4]
 576              	.LBE4:
 577              	.LBB5:
 302:./Core/Src/main.c **** 	__HAL_RCC_GPIOB_CLK_ENABLE();
 578              		.loc 1 302 2
 579 002c 284B     		ldr	r3, .L30
 580 002e 9B69     		ldr	r3, [r3, #24]
 581 0030 274A     		ldr	r2, .L30
 582 0032 43F00803 		orr	r3, r3, #8
 583 0036 9361     		str	r3, [r2, #24]
 584 0038 254B     		ldr	r3, .L30
 585 003a 9B69     		ldr	r3, [r3, #24]
 586 003c 03F00803 		and	r3, r3, #8
 587 0040 3B60     		str	r3, [r7]
 588 0042 3B68     		ldr	r3, [r7]
 589              	.LBE5:
 303:./Core/Src/main.c **** 
 304:./Core/Src/main.c **** 	/*Configure GPIO pin Output Level */
 305:./Core/Src/main.c **** 	HAL_GPIO_WritePin(GPIOB, PEDE_LIGHT_A_Pin|LIGHT1_B_Pin|LIGHT2_B_Pin|LIGHT2_A_Pin, GPIO_PIN_SET);
 590              		.loc 1 305 2
 591 0044 0122     		movs	r2, #1
 592 0046 4FF48761 		mov	r1, #1080
 593 004a 2248     		ldr	r0, .L30+4
 594 004c FFF7FEFF 		bl	HAL_GPIO_WritePin
 306:./Core/Src/main.c **** 
 307:./Core/Src/main.c **** 	/*Configure GPIO pin Output Level */
 308:./Core/Src/main.c **** 	HAL_GPIO_WritePin(GPIOA, PEDE_LIGHT_B_Pin|LIGHT1_A_Pin, GPIO_PIN_SET);
 595              		.loc 1 308 2
 596 0050 0122     		movs	r2, #1
 597 0052 4FF4A061 		mov	r1, #1280
 598 0056 2048     		ldr	r0, .L30+8
 599 0058 FFF7FEFF 		bl	HAL_GPIO_WritePin
 309:./Core/Src/main.c **** 
 310:./Core/Src/main.c **** 	/*Configure GPIO pins : PEDE_BUTTON_Pin BUTTON1_Pin BUTTON2_Pin */
 311:./Core/Src/main.c **** 	GPIO_InitStruct.Pin = PEDE_BUTTON_Pin|BUTTON1_Pin|BUTTON2_Pin;
 600              		.loc 1 311 22
 601 005c 1323     		movs	r3, #19
 602 005e BB60     		str	r3, [r7, #8]
 312:./Core/Src/main.c **** 	GPIO_InitStruct.Mode = GPIO_MODE_INPUT;
 603              		.loc 1 312 23
 604 0060 0023     		movs	r3, #0
ARM GAS  C:\Users\DLCH\AppData\Local\Temp\cc7ULKcJ.s 			page 17


 605 0062 FB60     		str	r3, [r7, #12]
 313:./Core/Src/main.c **** 	GPIO_InitStruct.Pull = GPIO_PULLUP;
 606              		.loc 1 313 23
 607 0064 0123     		movs	r3, #1
 608 0066 3B61     		str	r3, [r7, #16]
 314:./Core/Src/main.c **** 	HAL_GPIO_Init(GPIOA, &GPIO_InitStruct);
 609              		.loc 1 314 2
 610 0068 07F10803 		add	r3, r7, #8
 611 006c 1946     		mov	r1, r3
 612 006e 1A48     		ldr	r0, .L30+8
 613 0070 FFF7FEFF 		bl	HAL_GPIO_Init
 315:./Core/Src/main.c **** 
 316:./Core/Src/main.c **** 	/*Configure GPIO pin : BUTTON3_Pin */
 317:./Core/Src/main.c **** 	GPIO_InitStruct.Pin = BUTTON3_Pin;
 614              		.loc 1 317 22
 615 0074 0123     		movs	r3, #1
 616 0076 BB60     		str	r3, [r7, #8]
 318:./Core/Src/main.c **** 	GPIO_InitStruct.Mode = GPIO_MODE_INPUT;
 617              		.loc 1 318 23
 618 0078 0023     		movs	r3, #0
 619 007a FB60     		str	r3, [r7, #12]
 319:./Core/Src/main.c **** 	GPIO_InitStruct.Pull = GPIO_PULLUP;
 620              		.loc 1 319 23
 621 007c 0123     		movs	r3, #1
 622 007e 3B61     		str	r3, [r7, #16]
 320:./Core/Src/main.c **** 	HAL_GPIO_Init(BUTTON3_GPIO_Port, &GPIO_InitStruct);
 623              		.loc 1 320 2
 624 0080 07F10803 		add	r3, r7, #8
 625 0084 1946     		mov	r1, r3
 626 0086 1348     		ldr	r0, .L30+4
 627 0088 FFF7FEFF 		bl	HAL_GPIO_Init
 321:./Core/Src/main.c **** 
 322:./Core/Src/main.c **** 	/*Configure GPIO pins : PEDE_LIGHT_A_Pin LIGHT1_B_Pin LIGHT2_B_Pin LIGHT2_A_Pin */
 323:./Core/Src/main.c **** 	GPIO_InitStruct.Pin = PEDE_LIGHT_A_Pin|LIGHT1_B_Pin|LIGHT2_B_Pin|LIGHT2_A_Pin;
 628              		.loc 1 323 22
 629 008c 4FF48763 		mov	r3, #1080
 630 0090 BB60     		str	r3, [r7, #8]
 324:./Core/Src/main.c **** 	GPIO_InitStruct.Mode = GPIO_MODE_OUTPUT_PP;
 631              		.loc 1 324 23
 632 0092 0123     		movs	r3, #1
 633 0094 FB60     		str	r3, [r7, #12]
 325:./Core/Src/main.c **** 	GPIO_InitStruct.Pull = GPIO_NOPULL;
 634              		.loc 1 325 23
 635 0096 0023     		movs	r3, #0
 636 0098 3B61     		str	r3, [r7, #16]
 326:./Core/Src/main.c **** 	GPIO_InitStruct.Speed = GPIO_SPEED_FREQ_LOW;
 637              		.loc 1 326 24
 638 009a 0223     		movs	r3, #2
 639 009c 7B61     		str	r3, [r7, #20]
 327:./Core/Src/main.c **** 	HAL_GPIO_Init(GPIOB, &GPIO_InitStruct);
 640              		.loc 1 327 2
 641 009e 07F10803 		add	r3, r7, #8
 642 00a2 1946     		mov	r1, r3
 643 00a4 0B48     		ldr	r0, .L30+4
 644 00a6 FFF7FEFF 		bl	HAL_GPIO_Init
 328:./Core/Src/main.c **** 
 329:./Core/Src/main.c **** 	/*Configure GPIO pins : PEDE_LIGHT_B_Pin LIGHT1_A_Pin */
ARM GAS  C:\Users\DLCH\AppData\Local\Temp\cc7ULKcJ.s 			page 18


 330:./Core/Src/main.c **** 	GPIO_InitStruct.Pin = PEDE_LIGHT_B_Pin|LIGHT1_A_Pin;
 645              		.loc 1 330 22
 646 00aa 4FF4A063 		mov	r3, #1280
 647 00ae BB60     		str	r3, [r7, #8]
 331:./Core/Src/main.c **** 	GPIO_InitStruct.Mode = GPIO_MODE_OUTPUT_PP;
 648              		.loc 1 331 23
 649 00b0 0123     		movs	r3, #1
 650 00b2 FB60     		str	r3, [r7, #12]
 332:./Core/Src/main.c **** 	GPIO_InitStruct.Pull = GPIO_NOPULL;
 651              		.loc 1 332 23
 652 00b4 0023     		movs	r3, #0
 653 00b6 3B61     		str	r3, [r7, #16]
 333:./Core/Src/main.c **** 	GPIO_InitStruct.Speed = GPIO_SPEED_FREQ_LOW;
 654              		.loc 1 333 24
 655 00b8 0223     		movs	r3, #2
 656 00ba 7B61     		str	r3, [r7, #20]
 334:./Core/Src/main.c **** 	HAL_GPIO_Init(GPIOA, &GPIO_InitStruct);
 657              		.loc 1 334 2
 658 00bc 07F10803 		add	r3, r7, #8
 659 00c0 1946     		mov	r1, r3
 660 00c2 0548     		ldr	r0, .L30+8
 661 00c4 FFF7FEFF 		bl	HAL_GPIO_Init
 335:./Core/Src/main.c **** 
 336:./Core/Src/main.c **** }
 662              		.loc 1 336 1
 663 00c8 00BF     		nop
 664 00ca 1837     		adds	r7, r7, #24
 665              		.cfi_def_cfa_offset 8
 666 00cc BD46     		mov	sp, r7
 667              		.cfi_def_cfa_register 13
 668              		@ sp needed
 669 00ce 80BD     		pop	{r7, pc}
 670              	.L31:
 671              		.align	2
 672              	.L30:
 673 00d0 00100240 		.word	1073876992
 674 00d4 000C0140 		.word	1073810432
 675 00d8 00080140 		.word	1073809408
 676              		.cfi_endproc
 677              	.LFE70:
 679              		.section	.text.Error_Handler,"ax",%progbits
 680              		.align	1
 681              		.global	Error_Handler
 682              		.syntax unified
 683              		.thumb
 684              		.thumb_func
 686              	Error_Handler:
 687              	.LFB71:
 337:./Core/Src/main.c **** 
 338:./Core/Src/main.c **** /* USER CODE BEGIN 4 */
 339:./Core/Src/main.c **** 
 340:./Core/Src/main.c **** /* USER CODE END 4 */
 341:./Core/Src/main.c **** 
 342:./Core/Src/main.c **** /**
 343:./Core/Src/main.c ****  * @brief  This function is executed in case of error occurrence.
 344:./Core/Src/main.c ****  * @retval None
 345:./Core/Src/main.c ****  */
ARM GAS  C:\Users\DLCH\AppData\Local\Temp\cc7ULKcJ.s 			page 19


 346:./Core/Src/main.c **** void Error_Handler(void)
 347:./Core/Src/main.c **** {
 688              		.loc 1 347 1
 689              		.cfi_startproc
 690              		@ args = 0, pretend = 0, frame = 0
 691              		@ frame_needed = 1, uses_anonymous_args = 0
 692              		@ link register save eliminated.
 693 0000 80B4     		push	{r7}
 694              		.cfi_def_cfa_offset 4
 695              		.cfi_offset 7, -4
 696 0002 00AF     		add	r7, sp, #0
 697              		.cfi_def_cfa_register 7
 698              	.LBB6:
 699              	.LBB7:
 700              		.file 2 "Drivers/CMSIS/Include/cmsis_gcc.h"
   1:Drivers/CMSIS/Include/cmsis_gcc.h **** /**************************************************************************//**
   2:Drivers/CMSIS/Include/cmsis_gcc.h ****  * @file     cmsis_gcc.h
   3:Drivers/CMSIS/Include/cmsis_gcc.h ****  * @brief    CMSIS compiler GCC header file
   4:Drivers/CMSIS/Include/cmsis_gcc.h ****  * @version  V5.0.4
   5:Drivers/CMSIS/Include/cmsis_gcc.h ****  * @date     09. April 2018
   6:Drivers/CMSIS/Include/cmsis_gcc.h ****  ******************************************************************************/
   7:Drivers/CMSIS/Include/cmsis_gcc.h **** /*
   8:Drivers/CMSIS/Include/cmsis_gcc.h ****  * Copyright (c) 2009-2018 Arm Limited. All rights reserved.
   9:Drivers/CMSIS/Include/cmsis_gcc.h ****  *
  10:Drivers/CMSIS/Include/cmsis_gcc.h ****  * SPDX-License-Identifier: Apache-2.0
  11:Drivers/CMSIS/Include/cmsis_gcc.h ****  *
  12:Drivers/CMSIS/Include/cmsis_gcc.h ****  * Licensed under the Apache License, Version 2.0 (the License); you may
  13:Drivers/CMSIS/Include/cmsis_gcc.h ****  * not use this file except in compliance with the License.
  14:Drivers/CMSIS/Include/cmsis_gcc.h ****  * You may obtain a copy of the License at
  15:Drivers/CMSIS/Include/cmsis_gcc.h ****  *
  16:Drivers/CMSIS/Include/cmsis_gcc.h ****  * www.apache.org/licenses/LICENSE-2.0
  17:Drivers/CMSIS/Include/cmsis_gcc.h ****  *
  18:Drivers/CMSIS/Include/cmsis_gcc.h ****  * Unless required by applicable law or agreed to in writing, software
  19:Drivers/CMSIS/Include/cmsis_gcc.h ****  * distributed under the License is distributed on an AS IS BASIS, WITHOUT
  20:Drivers/CMSIS/Include/cmsis_gcc.h ****  * WARRANTIES OR CONDITIONS OF ANY KIND, either express or implied.
  21:Drivers/CMSIS/Include/cmsis_gcc.h ****  * See the License for the specific language governing permissions and
  22:Drivers/CMSIS/Include/cmsis_gcc.h ****  * limitations under the License.
  23:Drivers/CMSIS/Include/cmsis_gcc.h ****  */
  24:Drivers/CMSIS/Include/cmsis_gcc.h **** 
  25:Drivers/CMSIS/Include/cmsis_gcc.h **** #ifndef __CMSIS_GCC_H
  26:Drivers/CMSIS/Include/cmsis_gcc.h **** #define __CMSIS_GCC_H
  27:Drivers/CMSIS/Include/cmsis_gcc.h **** 
  28:Drivers/CMSIS/Include/cmsis_gcc.h **** /* ignore some GCC warnings */
  29:Drivers/CMSIS/Include/cmsis_gcc.h **** #pragma GCC diagnostic push
  30:Drivers/CMSIS/Include/cmsis_gcc.h **** #pragma GCC diagnostic ignored "-Wsign-conversion"
  31:Drivers/CMSIS/Include/cmsis_gcc.h **** #pragma GCC diagnostic ignored "-Wconversion"
  32:Drivers/CMSIS/Include/cmsis_gcc.h **** #pragma GCC diagnostic ignored "-Wunused-parameter"
  33:Drivers/CMSIS/Include/cmsis_gcc.h **** 
  34:Drivers/CMSIS/Include/cmsis_gcc.h **** /* Fallback for __has_builtin */
  35:Drivers/CMSIS/Include/cmsis_gcc.h **** #ifndef __has_builtin
  36:Drivers/CMSIS/Include/cmsis_gcc.h ****   #define __has_builtin(x) (0)
  37:Drivers/CMSIS/Include/cmsis_gcc.h **** #endif
  38:Drivers/CMSIS/Include/cmsis_gcc.h **** 
  39:Drivers/CMSIS/Include/cmsis_gcc.h **** /* CMSIS compiler specific defines */
  40:Drivers/CMSIS/Include/cmsis_gcc.h **** #ifndef   __ASM
  41:Drivers/CMSIS/Include/cmsis_gcc.h ****   #define __ASM                                  __asm
  42:Drivers/CMSIS/Include/cmsis_gcc.h **** #endif
ARM GAS  C:\Users\DLCH\AppData\Local\Temp\cc7ULKcJ.s 			page 20


  43:Drivers/CMSIS/Include/cmsis_gcc.h **** #ifndef   __INLINE
  44:Drivers/CMSIS/Include/cmsis_gcc.h ****   #define __INLINE                               inline
  45:Drivers/CMSIS/Include/cmsis_gcc.h **** #endif
  46:Drivers/CMSIS/Include/cmsis_gcc.h **** #ifndef   __STATIC_INLINE
  47:Drivers/CMSIS/Include/cmsis_gcc.h ****   #define __STATIC_INLINE                        static inline
  48:Drivers/CMSIS/Include/cmsis_gcc.h **** #endif
  49:Drivers/CMSIS/Include/cmsis_gcc.h **** #ifndef   __STATIC_FORCEINLINE                 
  50:Drivers/CMSIS/Include/cmsis_gcc.h ****   #define __STATIC_FORCEINLINE                   __attribute__((always_inline)) static inline
  51:Drivers/CMSIS/Include/cmsis_gcc.h **** #endif                                           
  52:Drivers/CMSIS/Include/cmsis_gcc.h **** #ifndef   __NO_RETURN
  53:Drivers/CMSIS/Include/cmsis_gcc.h ****   #define __NO_RETURN                            __attribute__((__noreturn__))
  54:Drivers/CMSIS/Include/cmsis_gcc.h **** #endif
  55:Drivers/CMSIS/Include/cmsis_gcc.h **** #ifndef   __USED
  56:Drivers/CMSIS/Include/cmsis_gcc.h ****   #define __USED                                 __attribute__((used))
  57:Drivers/CMSIS/Include/cmsis_gcc.h **** #endif
  58:Drivers/CMSIS/Include/cmsis_gcc.h **** #ifndef   __WEAK
  59:Drivers/CMSIS/Include/cmsis_gcc.h ****   #define __WEAK                                 __attribute__((weak))
  60:Drivers/CMSIS/Include/cmsis_gcc.h **** #endif
  61:Drivers/CMSIS/Include/cmsis_gcc.h **** #ifndef   __PACKED
  62:Drivers/CMSIS/Include/cmsis_gcc.h ****   #define __PACKED                               __attribute__((packed, aligned(1)))
  63:Drivers/CMSIS/Include/cmsis_gcc.h **** #endif
  64:Drivers/CMSIS/Include/cmsis_gcc.h **** #ifndef   __PACKED_STRUCT
  65:Drivers/CMSIS/Include/cmsis_gcc.h ****   #define __PACKED_STRUCT                        struct __attribute__((packed, aligned(1)))
  66:Drivers/CMSIS/Include/cmsis_gcc.h **** #endif
  67:Drivers/CMSIS/Include/cmsis_gcc.h **** #ifndef   __PACKED_UNION
  68:Drivers/CMSIS/Include/cmsis_gcc.h ****   #define __PACKED_UNION                         union __attribute__((packed, aligned(1)))
  69:Drivers/CMSIS/Include/cmsis_gcc.h **** #endif
  70:Drivers/CMSIS/Include/cmsis_gcc.h **** #ifndef   __UNALIGNED_UINT32        /* deprecated */
  71:Drivers/CMSIS/Include/cmsis_gcc.h ****   #pragma GCC diagnostic push
  72:Drivers/CMSIS/Include/cmsis_gcc.h ****   #pragma GCC diagnostic ignored "-Wpacked"
  73:Drivers/CMSIS/Include/cmsis_gcc.h ****   #pragma GCC diagnostic ignored "-Wattributes"
  74:Drivers/CMSIS/Include/cmsis_gcc.h ****   struct __attribute__((packed)) T_UINT32 { uint32_t v; };
  75:Drivers/CMSIS/Include/cmsis_gcc.h ****   #pragma GCC diagnostic pop
  76:Drivers/CMSIS/Include/cmsis_gcc.h ****   #define __UNALIGNED_UINT32(x)                  (((struct T_UINT32 *)(x))->v)
  77:Drivers/CMSIS/Include/cmsis_gcc.h **** #endif
  78:Drivers/CMSIS/Include/cmsis_gcc.h **** #ifndef   __UNALIGNED_UINT16_WRITE
  79:Drivers/CMSIS/Include/cmsis_gcc.h ****   #pragma GCC diagnostic push
  80:Drivers/CMSIS/Include/cmsis_gcc.h ****   #pragma GCC diagnostic ignored "-Wpacked"
  81:Drivers/CMSIS/Include/cmsis_gcc.h ****   #pragma GCC diagnostic ignored "-Wattributes"
  82:Drivers/CMSIS/Include/cmsis_gcc.h ****   __PACKED_STRUCT T_UINT16_WRITE { uint16_t v; };
  83:Drivers/CMSIS/Include/cmsis_gcc.h ****   #pragma GCC diagnostic pop
  84:Drivers/CMSIS/Include/cmsis_gcc.h ****   #define __UNALIGNED_UINT16_WRITE(addr, val)    (void)((((struct T_UINT16_WRITE *)(void *)(addr))-
  85:Drivers/CMSIS/Include/cmsis_gcc.h **** #endif
  86:Drivers/CMSIS/Include/cmsis_gcc.h **** #ifndef   __UNALIGNED_UINT16_READ
  87:Drivers/CMSIS/Include/cmsis_gcc.h ****   #pragma GCC diagnostic push
  88:Drivers/CMSIS/Include/cmsis_gcc.h ****   #pragma GCC diagnostic ignored "-Wpacked"
  89:Drivers/CMSIS/Include/cmsis_gcc.h ****   #pragma GCC diagnostic ignored "-Wattributes"
  90:Drivers/CMSIS/Include/cmsis_gcc.h ****   __PACKED_STRUCT T_UINT16_READ { uint16_t v; };
  91:Drivers/CMSIS/Include/cmsis_gcc.h ****   #pragma GCC diagnostic pop
  92:Drivers/CMSIS/Include/cmsis_gcc.h ****   #define __UNALIGNED_UINT16_READ(addr)          (((const struct T_UINT16_READ *)(const void *)(add
  93:Drivers/CMSIS/Include/cmsis_gcc.h **** #endif
  94:Drivers/CMSIS/Include/cmsis_gcc.h **** #ifndef   __UNALIGNED_UINT32_WRITE
  95:Drivers/CMSIS/Include/cmsis_gcc.h ****   #pragma GCC diagnostic push
  96:Drivers/CMSIS/Include/cmsis_gcc.h ****   #pragma GCC diagnostic ignored "-Wpacked"
  97:Drivers/CMSIS/Include/cmsis_gcc.h ****   #pragma GCC diagnostic ignored "-Wattributes"
  98:Drivers/CMSIS/Include/cmsis_gcc.h ****   __PACKED_STRUCT T_UINT32_WRITE { uint32_t v; };
  99:Drivers/CMSIS/Include/cmsis_gcc.h ****   #pragma GCC diagnostic pop
ARM GAS  C:\Users\DLCH\AppData\Local\Temp\cc7ULKcJ.s 			page 21


 100:Drivers/CMSIS/Include/cmsis_gcc.h ****   #define __UNALIGNED_UINT32_WRITE(addr, val)    (void)((((struct T_UINT32_WRITE *)(void *)(addr))-
 101:Drivers/CMSIS/Include/cmsis_gcc.h **** #endif
 102:Drivers/CMSIS/Include/cmsis_gcc.h **** #ifndef   __UNALIGNED_UINT32_READ
 103:Drivers/CMSIS/Include/cmsis_gcc.h ****   #pragma GCC diagnostic push
 104:Drivers/CMSIS/Include/cmsis_gcc.h ****   #pragma GCC diagnostic ignored "-Wpacked"
 105:Drivers/CMSIS/Include/cmsis_gcc.h ****   #pragma GCC diagnostic ignored "-Wattributes"
 106:Drivers/CMSIS/Include/cmsis_gcc.h ****   __PACKED_STRUCT T_UINT32_READ { uint32_t v; };
 107:Drivers/CMSIS/Include/cmsis_gcc.h ****   #pragma GCC diagnostic pop
 108:Drivers/CMSIS/Include/cmsis_gcc.h ****   #define __UNALIGNED_UINT32_READ(addr)          (((const struct T_UINT32_READ *)(const void *)(add
 109:Drivers/CMSIS/Include/cmsis_gcc.h **** #endif
 110:Drivers/CMSIS/Include/cmsis_gcc.h **** #ifndef   __ALIGNED
 111:Drivers/CMSIS/Include/cmsis_gcc.h ****   #define __ALIGNED(x)                           __attribute__((aligned(x)))
 112:Drivers/CMSIS/Include/cmsis_gcc.h **** #endif
 113:Drivers/CMSIS/Include/cmsis_gcc.h **** #ifndef   __RESTRICT
 114:Drivers/CMSIS/Include/cmsis_gcc.h ****   #define __RESTRICT                             __restrict
 115:Drivers/CMSIS/Include/cmsis_gcc.h **** #endif
 116:Drivers/CMSIS/Include/cmsis_gcc.h **** 
 117:Drivers/CMSIS/Include/cmsis_gcc.h **** 
 118:Drivers/CMSIS/Include/cmsis_gcc.h **** /* ###########################  Core Function Access  ########################### */
 119:Drivers/CMSIS/Include/cmsis_gcc.h **** /** \ingroup  CMSIS_Core_FunctionInterface
 120:Drivers/CMSIS/Include/cmsis_gcc.h ****     \defgroup CMSIS_Core_RegAccFunctions CMSIS Core Register Access Functions
 121:Drivers/CMSIS/Include/cmsis_gcc.h ****   @{
 122:Drivers/CMSIS/Include/cmsis_gcc.h ****  */
 123:Drivers/CMSIS/Include/cmsis_gcc.h **** 
 124:Drivers/CMSIS/Include/cmsis_gcc.h **** /**
 125:Drivers/CMSIS/Include/cmsis_gcc.h ****   \brief   Enable IRQ Interrupts
 126:Drivers/CMSIS/Include/cmsis_gcc.h ****   \details Enables IRQ interrupts by clearing the I-bit in the CPSR.
 127:Drivers/CMSIS/Include/cmsis_gcc.h ****            Can only be executed in Privileged modes.
 128:Drivers/CMSIS/Include/cmsis_gcc.h ****  */
 129:Drivers/CMSIS/Include/cmsis_gcc.h **** __STATIC_FORCEINLINE void __enable_irq(void)
 130:Drivers/CMSIS/Include/cmsis_gcc.h **** {
 131:Drivers/CMSIS/Include/cmsis_gcc.h ****   __ASM volatile ("cpsie i" : : : "memory");
 132:Drivers/CMSIS/Include/cmsis_gcc.h **** }
 133:Drivers/CMSIS/Include/cmsis_gcc.h **** 
 134:Drivers/CMSIS/Include/cmsis_gcc.h **** 
 135:Drivers/CMSIS/Include/cmsis_gcc.h **** /**
 136:Drivers/CMSIS/Include/cmsis_gcc.h ****   \brief   Disable IRQ Interrupts
 137:Drivers/CMSIS/Include/cmsis_gcc.h ****   \details Disables IRQ interrupts by setting the I-bit in the CPSR.
 138:Drivers/CMSIS/Include/cmsis_gcc.h ****            Can only be executed in Privileged modes.
 139:Drivers/CMSIS/Include/cmsis_gcc.h ****  */
 140:Drivers/CMSIS/Include/cmsis_gcc.h **** __STATIC_FORCEINLINE void __disable_irq(void)
 141:Drivers/CMSIS/Include/cmsis_gcc.h **** {
 142:Drivers/CMSIS/Include/cmsis_gcc.h ****   __ASM volatile ("cpsid i" : : : "memory");
 701              		.loc 2 142 3
 702              		.syntax unified
 703              	@ 142 "Drivers/CMSIS/Include/cmsis_gcc.h" 1
 704 0004 72B6     		cpsid i
 705              	@ 0 "" 2
 143:Drivers/CMSIS/Include/cmsis_gcc.h **** }
 706              		.loc 2 143 1
 707              		.thumb
 708              		.syntax unified
 709 0006 00BF     		nop
 710              	.L33:
 711              	.LBE7:
 712              	.LBE6:
 348:./Core/Src/main.c **** 	/* USER CODE BEGIN Error_Handler_Debug */
ARM GAS  C:\Users\DLCH\AppData\Local\Temp\cc7ULKcJ.s 			page 22


 349:./Core/Src/main.c **** 	/* User can add his own implementation to report the HAL error return state */
 350:./Core/Src/main.c **** 	__disable_irq();
 351:./Core/Src/main.c **** 	while (1)
 713              		.loc 1 351 8 discriminator 1
 714 0008 FEE7     		b	.L33
 715              		.cfi_endproc
 716              	.LFE71:
 718              		.text
 719              	.Letext0:
 720              		.file 3 "d:\\stm32cube_ide\\stm32cubeide_1.7.0\\stm32cubeide\\plugins\\com.st.stm32cube.ide.mcu.ex
 721              		.file 4 "d:\\stm32cube_ide\\stm32cubeide_1.7.0\\stm32cubeide\\plugins\\com.st.stm32cube.ide.mcu.ex
 722              		.file 5 "Drivers/CMSIS/Device/ST/STM32F1xx/Include/stm32f103xb.h"
 723              		.file 6 "Drivers/STM32F1xx_HAL_Driver/Inc/stm32f1xx_hal_def.h"
 724              		.file 7 "Drivers/STM32F1xx_HAL_Driver/Inc/stm32f1xx_hal_rcc.h"
 725              		.file 8 "Drivers/STM32F1xx_HAL_Driver/Inc/stm32f1xx_hal_rcc_ex.h"
 726              		.file 9 "Drivers/STM32F1xx_HAL_Driver/Inc/stm32f1xx_hal_gpio.h"
 727              		.file 10 "Drivers/STM32F1xx_HAL_Driver/Inc/stm32f1xx_hal_dma.h"
 728              		.file 11 "Drivers/STM32F1xx_HAL_Driver/Inc/stm32f1xx_hal_tim.h"
 729              		.file 12 "Drivers/STM32F1xx_HAL_Driver/Inc/stm32f1xx_hal_uart.h"
 730              		.file 13 "Core/Inc/main.h"
 731              		.file 14 "Drivers/STM32F1xx_HAL_Driver/Inc/stm32f1xx_hal_tim_ex.h"
 732              		.file 15 "Core/Inc/fsm_manual.h"
 733              		.file 16 "Core/Inc/fsm_auto.h"
 734              		.file 17 "Drivers/STM32F1xx_HAL_Driver/Inc/stm32f1xx_hal.h"
ARM GAS  C:\Users\DLCH\AppData\Local\Temp\cc7ULKcJ.s 			page 23


DEFINED SYMBOLS
                            *ABS*:0000000000000000 main.c
C:\Users\DLCH\AppData\Local\Temp\cc7ULKcJ.s:22     .bss.htim2:0000000000000000 htim2
C:\Users\DLCH\AppData\Local\Temp\cc7ULKcJ.s:19     .bss.htim2:0000000000000000 $d
C:\Users\DLCH\AppData\Local\Temp\cc7ULKcJ.s:29     .bss.htim3:0000000000000000 htim3
C:\Users\DLCH\AppData\Local\Temp\cc7ULKcJ.s:26     .bss.htim3:0000000000000000 $d
C:\Users\DLCH\AppData\Local\Temp\cc7ULKcJ.s:36     .bss.huart2:0000000000000000 huart2
C:\Users\DLCH\AppData\Local\Temp\cc7ULKcJ.s:33     .bss.huart2:0000000000000000 $d
C:\Users\DLCH\AppData\Local\Temp\cc7ULKcJ.s:39     .text.main:0000000000000000 $t
C:\Users\DLCH\AppData\Local\Temp\cc7ULKcJ.s:45     .text.main:0000000000000000 main
C:\Users\DLCH\AppData\Local\Temp\cc7ULKcJ.s:94     .text.SystemClock_Config:0000000000000000 SystemClock_Config
C:\Users\DLCH\AppData\Local\Temp\cc7ULKcJ.s:543    .text.MX_GPIO_Init:0000000000000000 MX_GPIO_Init
C:\Users\DLCH\AppData\Local\Temp\cc7ULKcJ.s:195    .text.MX_TIM2_Init:0000000000000000 MX_TIM2_Init
C:\Users\DLCH\AppData\Local\Temp\cc7ULKcJ.s:309    .text.MX_TIM3_Init:0000000000000000 MX_TIM3_Init
C:\Users\DLCH\AppData\Local\Temp\cc7ULKcJ.s:472    .text.MX_USART2_UART_Init:0000000000000000 MX_USART2_UART_Init
C:\Users\DLCH\AppData\Local\Temp\cc7ULKcJ.s:83     .text.main:000000000000002c $d
C:\Users\DLCH\AppData\Local\Temp\cc7ULKcJ.s:88     .text.SystemClock_Config:0000000000000000 $t
C:\Users\DLCH\AppData\Local\Temp\cc7ULKcJ.s:686    .text.Error_Handler:0000000000000000 Error_Handler
C:\Users\DLCH\AppData\Local\Temp\cc7ULKcJ.s:190    .text.MX_TIM2_Init:0000000000000000 $t
C:\Users\DLCH\AppData\Local\Temp\cc7ULKcJ.s:299    .text.MX_TIM2_Init:0000000000000094 $d
C:\Users\DLCH\AppData\Local\Temp\cc7ULKcJ.s:304    .text.MX_TIM3_Init:0000000000000000 $t
C:\Users\DLCH\AppData\Local\Temp\cc7ULKcJ.s:461    .text.MX_TIM3_Init:00000000000000e4 $d
C:\Users\DLCH\AppData\Local\Temp\cc7ULKcJ.s:467    .text.MX_USART2_UART_Init:0000000000000000 $t
C:\Users\DLCH\AppData\Local\Temp\cc7ULKcJ.s:532    .text.MX_USART2_UART_Init:000000000000004c $d
C:\Users\DLCH\AppData\Local\Temp\cc7ULKcJ.s:538    .text.MX_GPIO_Init:0000000000000000 $t
C:\Users\DLCH\AppData\Local\Temp\cc7ULKcJ.s:673    .text.MX_GPIO_Init:00000000000000d0 $d
C:\Users\DLCH\AppData\Local\Temp\cc7ULKcJ.s:680    .text.Error_Handler:0000000000000000 $t
                           .group:0000000000000000 wm4.0.cb5f01749778df26340c4505df3d34d0
                           .group:0000000000000000 wm4.stm32f1xx_hal_conf.h.22.844a2f06328adeab13e6d7f89c6deb9b
                           .group:0000000000000000 wm4.stm32f1xx.h.39.208bb8a61c892b7c37d899c49a031330
                           .group:0000000000000000 wm4.stm32f103xb.h.38.ec967d5ad9d3269cb0788eebda048e38
                           .group:0000000000000000 wm4._newlib_version.h.4.bfdf54b0af045d4a71376ae00f63a22c
                           .group:0000000000000000 wm4.features.h.33.318b64d71e0957639cfb30f1db1f7ec8
                           .group:0000000000000000 wm4._default_types.h.15.247e5cd201eca3442cbf5404108c4935
                           .group:0000000000000000 wm4._intsup.h.10.48bafbb683905c4daa4565a85aeeb264
                           .group:0000000000000000 wm4._stdint.h.10.c24fa3af3bc1706662bb5593a907e841
                           .group:0000000000000000 wm4.stdint.h.23.d53047a68f4a85177f80b422d52785ed
                           .group:0000000000000000 wm4.cmsis_version.h.32.4d5822004c01a829a975260e854b5f8e
                           .group:0000000000000000 wm4.core_cm3.h.66.fc46cac19810db8f98d67da7ef88f42c
                           .group:0000000000000000 wm4.cmsis_gcc.h.26.4f5798e999d5690b80e6ded3ecc94b37
                           .group:0000000000000000 wm4.core_cm3.h.127.f4474120f1a7524deb56f9d74ff175da
                           .group:0000000000000000 wm4.stm32f103xb.h.573.10249aa7473ca93be896fed94046a725
                           .group:0000000000000000 wm4.stm32f1xx.h.162.96b09079a093c34dbd7f0b85cbd0ddee
                           .group:0000000000000000 wm4.stm32_hal_legacy.h.23.91ba5b544a4c2be2620a1e7ff0049e10
                           .group:0000000000000000 wm4.stddef.h.39.144cf5ddcd53cbfdac30259dc1a6c87f
                           .group:0000000000000000 wm4.stm32f1xx_hal_def.h.57.18d01ce1aa74e9fb44dbf16f821a574a
                           .group:0000000000000000 wm4.stm32f1xx_hal_rcc.h.95.21591bbc513aaa813c0b8640c3b32517
                           .group:0000000000000000 wm4.stm32f1xx_hal_rcc_ex.h.22.8763f99bc1e3e2dcf0febe9161d81b37
                           .group:0000000000000000 wm4.stm32f1xx_hal_rcc.h.1202.f8e5f9e0cf4eef7840facf5396029056
                           .group:0000000000000000 wm4.stm32f1xx_hal_gpio.h.22.fa638d688dcc57ca806fe6a7831b0d04
                           .group:0000000000000000 wm4.stm32f1xx_hal_gpio_ex.h.22.51a50ef3512cd78017ce666a32d364bf
                           .group:0000000000000000 wm4.stm32f1xx_hal_gpio.h.263.f5ebf2f545ade59412ab9261c8e35dc4
                           .group:0000000000000000 wm4.stm32f1xx_hal_exti.h.22.e26491d042c8079c3ca67eca341af862
                           .group:0000000000000000 wm4.stm32f1xx_hal_dma.h.22.3c14338534886827bf3aeaa2a7f412a1
                           .group:0000000000000000 wm4.stm32f1xx_hal_dma_ex.h.22.001ac4d7f81ccbdcae49bd65c13858c8
                           .group:0000000000000000 wm4.stm32f1xx_hal_dma.h.409.cafcd2cfe701091535636be537c18293
                           .group:0000000000000000 wm4.stm32f1xx_hal_cortex.h.22.b5f4174bb6a50d95405567b8f50e0900
ARM GAS  C:\Users\DLCH\AppData\Local\Temp\cc7ULKcJ.s 			page 24


                           .group:0000000000000000 wm4.stm32f1xx_hal_flash.h.22.5cea9a7210e6315b41724b47b5fdf203
                           .group:0000000000000000 wm4.stm32f1xx_hal_flash_ex.h.22.d4e19c21f2a86fa2f8ec2c2d5f1ab2af
                           .group:0000000000000000 wm4.stm32f1xx_hal_pwr.h.22.3438c476faafc3240bf146f143df3fcd
                           .group:0000000000000000 wm4.stm32f1xx_hal_tim.h.22.a16e206564e97dbace9faae59a0d6008
                           .group:0000000000000000 wm4.stm32f1xx_hal_uart.h.22.5f7992e497faa36aa98f09f7214f4dbb
                           .group:0000000000000000 wm4.stm32f1xx_hal.h.88.91065c0692bed6019c34f1e9c00589fd
                           .group:0000000000000000 wm4.main.h.62.d895ccf9707ed1f9c21d5d1ab82a4f23

UNDEFINED SYMBOLS
HAL_Init
HAL_TIM_Base_Start_IT
fsm_automatic_run
fsm_manual_run
memset
HAL_RCC_OscConfig
HAL_RCC_ClockConfig
HAL_TIM_Base_Init
HAL_TIM_ConfigClockSource
HAL_TIMEx_MasterConfigSynchronization
HAL_TIM_PWM_Init
HAL_TIM_PWM_ConfigChannel
HAL_TIM_MspPostInit
HAL_UART_Init
HAL_GPIO_WritePin
HAL_GPIO_Init
