ARM GAS  C:\Users\DLCH\AppData\Local\Temp\cc90beD4.s 			page 1


   1              		.cpu cortex-m3
   2              		.arch armv7-m
   3              		.fpu softvfp
   4              		.eabi_attribute 20, 1
   5              		.eabi_attribute 21, 1
   6              		.eabi_attribute 23, 3
   7              		.eabi_attribute 24, 1
   8              		.eabi_attribute 25, 1
   9              		.eabi_attribute 26, 1
  10              		.eabi_attribute 30, 6
  11              		.eabi_attribute 34, 1
  12              		.eabi_attribute 18, 4
  13              		.file	"task.c"
  14              		.text
  15              	.Ltext0:
  16              		.cfi_sections	.debug_frame
  17              		.section	.text.green_blink,"ax",%progbits
  18              		.align	1
  19              		.global	green_blink
  20              		.syntax unified
  21              		.thumb
  22              		.thumb_func
  24              	green_blink:
  25              	.LFB65:
  26              		.file 1 "./Core/Src/task.c"
   1:./Core/Src/task.c **** 
   2:./Core/Src/task.c **** #include "task.h"
   3:./Core/Src/task.c **** #include "software_timer.h"
   4:./Core/Src/task.c **** 
   5:./Core/Src/task.c **** //toggle all led when timer flag is on
   6:./Core/Src/task.c **** //the set up pin is depend on real board
   7:./Core/Src/task.c **** //in this case:
   8:./Core/Src/task.c **** //	A	B
   9:./Core/Src/task.c **** //	0	0	off
  10:./Core/Src/task.c **** //	0	1	green
  11:./Core/Src/task.c **** //	1	0	red
  12:./Core/Src/task.c **** //	1	1	yellow
  13:./Core/Src/task.c **** void green_blink()
  14:./Core/Src/task.c **** {
  27              		.loc 1 14 1
  28              		.cfi_startproc
  29              		@ args = 0, pretend = 0, frame = 0
  30              		@ frame_needed = 1, uses_anonymous_args = 0
  31 0000 80B5     		push	{r7, lr}
  32              		.cfi_def_cfa_offset 8
  33              		.cfi_offset 7, -8
  34              		.cfi_offset 14, -4
  35 0002 00AF     		add	r7, sp, #0
  36              		.cfi_def_cfa_register 7
  15:./Core/Src/task.c **** 	if(timer3_flag == 1){
  37              		.loc 1 15 17
  38 0004 084B     		ldr	r3, .L4
  39 0006 1B68     		ldr	r3, [r3]
  40              		.loc 1 15 4
  41 0008 012B     		cmp	r3, #1
  42 000a 0BD1     		bne	.L3
  16:./Core/Src/task.c **** 		setTimer3(BLINK_TIME);
ARM GAS  C:\Users\DLCH\AppData\Local\Temp\cc90beD4.s 			page 2


  43              		.loc 1 16 3
  44 000c 4FF47A70 		mov	r0, #1000
  45 0010 FFF7FEFF 		bl	setTimer3
  17:./Core/Src/task.c **** 		HAL_GPIO_TogglePin(LIGHT1_B_GPIO_Port, LIGHT1_B_Pin);
  46              		.loc 1 17 3
  47 0014 0821     		movs	r1, #8
  48 0016 0548     		ldr	r0, .L4+4
  49 0018 FFF7FEFF 		bl	HAL_GPIO_TogglePin
  18:./Core/Src/task.c **** 		HAL_GPIO_TogglePin(LIGHT2_B_GPIO_Port, LIGHT2_B_Pin);
  50              		.loc 1 18 3
  51 001c 1021     		movs	r1, #16
  52 001e 0348     		ldr	r0, .L4+4
  53 0020 FFF7FEFF 		bl	HAL_GPIO_TogglePin
  54              	.L3:
  19:./Core/Src/task.c **** 	}
  20:./Core/Src/task.c **** }
  55              		.loc 1 20 1
  56 0024 00BF     		nop
  57 0026 80BD     		pop	{r7, pc}
  58              	.L5:
  59              		.align	2
  60              	.L4:
  61 0028 00000000 		.word	timer3_flag
  62 002c 000C0140 		.word	1073810432
  63              		.cfi_endproc
  64              	.LFE65:
  66              		.section	.text.red_blink,"ax",%progbits
  67              		.align	1
  68              		.global	red_blink
  69              		.syntax unified
  70              		.thumb
  71              		.thumb_func
  73              	red_blink:
  74              	.LFB66:
  21:./Core/Src/task.c **** void red_blink()
  22:./Core/Src/task.c **** {
  75              		.loc 1 22 1
  76              		.cfi_startproc
  77              		@ args = 0, pretend = 0, frame = 0
  78              		@ frame_needed = 1, uses_anonymous_args = 0
  79 0000 80B5     		push	{r7, lr}
  80              		.cfi_def_cfa_offset 8
  81              		.cfi_offset 7, -8
  82              		.cfi_offset 14, -4
  83 0002 00AF     		add	r7, sp, #0
  84              		.cfi_def_cfa_register 7
  23:./Core/Src/task.c **** 	if(timer3_flag == 1){
  85              		.loc 1 23 17
  86 0004 094B     		ldr	r3, .L9
  87 0006 1B68     		ldr	r3, [r3]
  88              		.loc 1 23 4
  89 0008 012B     		cmp	r3, #1
  90 000a 0CD1     		bne	.L8
  24:./Core/Src/task.c **** 		setTimer3(BLINK_TIME);
  91              		.loc 1 24 3
  92 000c 4FF47A70 		mov	r0, #1000
  93 0010 FFF7FEFF 		bl	setTimer3
ARM GAS  C:\Users\DLCH\AppData\Local\Temp\cc90beD4.s 			page 3


  25:./Core/Src/task.c **** 		HAL_GPIO_TogglePin(LIGHT1_A_GPIO_Port, LIGHT1_A_Pin);
  94              		.loc 1 25 3
  95 0014 4FF48061 		mov	r1, #1024
  96 0018 0548     		ldr	r0, .L9+4
  97 001a FFF7FEFF 		bl	HAL_GPIO_TogglePin
  26:./Core/Src/task.c **** 		HAL_GPIO_TogglePin(LIGHT2_A_GPIO_Port, LIGHT2_A_Pin);
  98              		.loc 1 26 3
  99 001e 2021     		movs	r1, #32
 100 0020 0448     		ldr	r0, .L9+8
 101 0022 FFF7FEFF 		bl	HAL_GPIO_TogglePin
 102              	.L8:
  27:./Core/Src/task.c **** 	}
  28:./Core/Src/task.c **** }
 103              		.loc 1 28 1
 104 0026 00BF     		nop
 105 0028 80BD     		pop	{r7, pc}
 106              	.L10:
 107 002a 00BF     		.align	2
 108              	.L9:
 109 002c 00000000 		.word	timer3_flag
 110 0030 00080140 		.word	1073809408
 111 0034 000C0140 		.word	1073810432
 112              		.cfi_endproc
 113              	.LFE66:
 115              		.section	.text.yellow_blink,"ax",%progbits
 116              		.align	1
 117              		.global	yellow_blink
 118              		.syntax unified
 119              		.thumb
 120              		.thumb_func
 122              	yellow_blink:
 123              	.LFB67:
  29:./Core/Src/task.c **** 
  30:./Core/Src/task.c **** void yellow_blink()
  31:./Core/Src/task.c **** {
 124              		.loc 1 31 1
 125              		.cfi_startproc
 126              		@ args = 0, pretend = 0, frame = 0
 127              		@ frame_needed = 1, uses_anonymous_args = 0
 128 0000 80B5     		push	{r7, lr}
 129              		.cfi_def_cfa_offset 8
 130              		.cfi_offset 7, -8
 131              		.cfi_offset 14, -4
 132 0002 00AF     		add	r7, sp, #0
 133              		.cfi_def_cfa_register 7
  32:./Core/Src/task.c **** 	if(timer3_flag == 1){
 134              		.loc 1 32 17
 135 0004 0D4B     		ldr	r3, .L14
 136 0006 1B68     		ldr	r3, [r3]
 137              		.loc 1 32 4
 138 0008 012B     		cmp	r3, #1
 139 000a 14D1     		bne	.L13
  33:./Core/Src/task.c **** 		setTimer3(BLINK_TIME);
 140              		.loc 1 33 3
 141 000c 4FF47A70 		mov	r0, #1000
 142 0010 FFF7FEFF 		bl	setTimer3
  34:./Core/Src/task.c **** 		HAL_GPIO_TogglePin(LIGHT1_B_GPIO_Port, LIGHT1_B_Pin);
ARM GAS  C:\Users\DLCH\AppData\Local\Temp\cc90beD4.s 			page 4


 143              		.loc 1 34 3
 144 0014 0821     		movs	r1, #8
 145 0016 0A48     		ldr	r0, .L14+4
 146 0018 FFF7FEFF 		bl	HAL_GPIO_TogglePin
  35:./Core/Src/task.c **** 		HAL_GPIO_TogglePin(LIGHT2_B_GPIO_Port, LIGHT2_B_Pin);
 147              		.loc 1 35 3
 148 001c 1021     		movs	r1, #16
 149 001e 0848     		ldr	r0, .L14+4
 150 0020 FFF7FEFF 		bl	HAL_GPIO_TogglePin
  36:./Core/Src/task.c **** 		HAL_GPIO_TogglePin(LIGHT1_A_GPIO_Port, LIGHT1_A_Pin);
 151              		.loc 1 36 3
 152 0024 4FF48061 		mov	r1, #1024
 153 0028 0648     		ldr	r0, .L14+8
 154 002a FFF7FEFF 		bl	HAL_GPIO_TogglePin
  37:./Core/Src/task.c **** 		HAL_GPIO_TogglePin(LIGHT2_A_GPIO_Port, LIGHT2_A_Pin);
 155              		.loc 1 37 3
 156 002e 2021     		movs	r1, #32
 157 0030 0348     		ldr	r0, .L14+4
 158 0032 FFF7FEFF 		bl	HAL_GPIO_TogglePin
 159              	.L13:
  38:./Core/Src/task.c **** 	}
  39:./Core/Src/task.c **** }
 160              		.loc 1 39 1
 161 0036 00BF     		nop
 162 0038 80BD     		pop	{r7, pc}
 163              	.L15:
 164 003a 00BF     		.align	2
 165              	.L14:
 166 003c 00000000 		.word	timer3_flag
 167 0040 000C0140 		.word	1073810432
 168 0044 00080140 		.word	1073809408
 169              		.cfi_endproc
 170              	.LFE67:
 172              		.section	.text.red1_on,"ax",%progbits
 173              		.align	1
 174              		.global	red1_on
 175              		.syntax unified
 176              		.thumb
 177              		.thumb_func
 179              	red1_on:
 180              	.LFB68:
  40:./Core/Src/task.c **** 
  41:./Core/Src/task.c **** //turn the led corresponding to this road on
  42:./Core/Src/task.c **** void red1_on()
  43:./Core/Src/task.c **** {
 181              		.loc 1 43 1
 182              		.cfi_startproc
 183              		@ args = 0, pretend = 0, frame = 0
 184              		@ frame_needed = 1, uses_anonymous_args = 0
 185 0000 80B5     		push	{r7, lr}
 186              		.cfi_def_cfa_offset 8
 187              		.cfi_offset 7, -8
 188              		.cfi_offset 14, -4
 189 0002 00AF     		add	r7, sp, #0
 190              		.cfi_def_cfa_register 7
  44:./Core/Src/task.c **** 	HAL_GPIO_WritePin(LIGHT1_A_GPIO_Port, LIGHT1_A_Pin, SET);
 191              		.loc 1 44 2
ARM GAS  C:\Users\DLCH\AppData\Local\Temp\cc90beD4.s 			page 5


 192 0004 0122     		movs	r2, #1
 193 0006 4FF48061 		mov	r1, #1024
 194 000a 0548     		ldr	r0, .L17
 195 000c FFF7FEFF 		bl	HAL_GPIO_WritePin
  45:./Core/Src/task.c **** 	HAL_GPIO_WritePin(LIGHT1_B_GPIO_Port, LIGHT1_B_Pin, RESET);
 196              		.loc 1 45 2
 197 0010 0022     		movs	r2, #0
 198 0012 0821     		movs	r1, #8
 199 0014 0348     		ldr	r0, .L17+4
 200 0016 FFF7FEFF 		bl	HAL_GPIO_WritePin
  46:./Core/Src/task.c **** }
 201              		.loc 1 46 1
 202 001a 00BF     		nop
 203 001c 80BD     		pop	{r7, pc}
 204              	.L18:
 205 001e 00BF     		.align	2
 206              	.L17:
 207 0020 00080140 		.word	1073809408
 208 0024 000C0140 		.word	1073810432
 209              		.cfi_endproc
 210              	.LFE68:
 212              		.section	.text.red2_on,"ax",%progbits
 213              		.align	1
 214              		.global	red2_on
 215              		.syntax unified
 216              		.thumb
 217              		.thumb_func
 219              	red2_on:
 220              	.LFB69:
  47:./Core/Src/task.c **** void red2_on()
  48:./Core/Src/task.c **** {
 221              		.loc 1 48 1
 222              		.cfi_startproc
 223              		@ args = 0, pretend = 0, frame = 0
 224              		@ frame_needed = 1, uses_anonymous_args = 0
 225 0000 80B5     		push	{r7, lr}
 226              		.cfi_def_cfa_offset 8
 227              		.cfi_offset 7, -8
 228              		.cfi_offset 14, -4
 229 0002 00AF     		add	r7, sp, #0
 230              		.cfi_def_cfa_register 7
  49:./Core/Src/task.c **** 	HAL_GPIO_WritePin(LIGHT2_A_GPIO_Port, LIGHT2_A_Pin, SET);
 231              		.loc 1 49 2
 232 0004 0122     		movs	r2, #1
 233 0006 2021     		movs	r1, #32
 234 0008 0448     		ldr	r0, .L20
 235 000a FFF7FEFF 		bl	HAL_GPIO_WritePin
  50:./Core/Src/task.c **** 	HAL_GPIO_WritePin(LIGHT2_B_GPIO_Port, LIGHT2_B_Pin, RESET);
 236              		.loc 1 50 2
 237 000e 0022     		movs	r2, #0
 238 0010 1021     		movs	r1, #16
 239 0012 0248     		ldr	r0, .L20
 240 0014 FFF7FEFF 		bl	HAL_GPIO_WritePin
  51:./Core/Src/task.c **** }
 241              		.loc 1 51 1
 242 0018 00BF     		nop
 243 001a 80BD     		pop	{r7, pc}
ARM GAS  C:\Users\DLCH\AppData\Local\Temp\cc90beD4.s 			page 6


 244              	.L21:
 245              		.align	2
 246              	.L20:
 247 001c 000C0140 		.word	1073810432
 248              		.cfi_endproc
 249              	.LFE69:
 251              		.section	.text.green1_on,"ax",%progbits
 252              		.align	1
 253              		.global	green1_on
 254              		.syntax unified
 255              		.thumb
 256              		.thumb_func
 258              	green1_on:
 259              	.LFB70:
  52:./Core/Src/task.c **** void green1_on()
  53:./Core/Src/task.c **** {
 260              		.loc 1 53 1
 261              		.cfi_startproc
 262              		@ args = 0, pretend = 0, frame = 0
 263              		@ frame_needed = 1, uses_anonymous_args = 0
 264 0000 80B5     		push	{r7, lr}
 265              		.cfi_def_cfa_offset 8
 266              		.cfi_offset 7, -8
 267              		.cfi_offset 14, -4
 268 0002 00AF     		add	r7, sp, #0
 269              		.cfi_def_cfa_register 7
  54:./Core/Src/task.c **** 	HAL_GPIO_WritePin(LIGHT1_A_GPIO_Port, LIGHT1_A_Pin, RESET);
 270              		.loc 1 54 2
 271 0004 0022     		movs	r2, #0
 272 0006 4FF48061 		mov	r1, #1024
 273 000a 0548     		ldr	r0, .L23
 274 000c FFF7FEFF 		bl	HAL_GPIO_WritePin
  55:./Core/Src/task.c **** 	HAL_GPIO_WritePin(LIGHT1_B_GPIO_Port, LIGHT1_B_Pin, SET);
 275              		.loc 1 55 2
 276 0010 0122     		movs	r2, #1
 277 0012 0821     		movs	r1, #8
 278 0014 0348     		ldr	r0, .L23+4
 279 0016 FFF7FEFF 		bl	HAL_GPIO_WritePin
  56:./Core/Src/task.c **** }
 280              		.loc 1 56 1
 281 001a 00BF     		nop
 282 001c 80BD     		pop	{r7, pc}
 283              	.L24:
 284 001e 00BF     		.align	2
 285              	.L23:
 286 0020 00080140 		.word	1073809408
 287 0024 000C0140 		.word	1073810432
 288              		.cfi_endproc
 289              	.LFE70:
 291              		.section	.text.green2_on,"ax",%progbits
 292              		.align	1
 293              		.global	green2_on
 294              		.syntax unified
 295              		.thumb
 296              		.thumb_func
 298              	green2_on:
 299              	.LFB71:
ARM GAS  C:\Users\DLCH\AppData\Local\Temp\cc90beD4.s 			page 7


  57:./Core/Src/task.c **** void green2_on()
  58:./Core/Src/task.c **** {
 300              		.loc 1 58 1
 301              		.cfi_startproc
 302              		@ args = 0, pretend = 0, frame = 0
 303              		@ frame_needed = 1, uses_anonymous_args = 0
 304 0000 80B5     		push	{r7, lr}
 305              		.cfi_def_cfa_offset 8
 306              		.cfi_offset 7, -8
 307              		.cfi_offset 14, -4
 308 0002 00AF     		add	r7, sp, #0
 309              		.cfi_def_cfa_register 7
  59:./Core/Src/task.c **** 	HAL_GPIO_WritePin(LIGHT2_A_GPIO_Port, LIGHT2_A_Pin, RESET);
 310              		.loc 1 59 2
 311 0004 0022     		movs	r2, #0
 312 0006 2021     		movs	r1, #32
 313 0008 0448     		ldr	r0, .L26
 314 000a FFF7FEFF 		bl	HAL_GPIO_WritePin
  60:./Core/Src/task.c **** 	HAL_GPIO_WritePin(LIGHT2_B_GPIO_Port, LIGHT2_B_Pin, SET);
 315              		.loc 1 60 2
 316 000e 0122     		movs	r2, #1
 317 0010 1021     		movs	r1, #16
 318 0012 0248     		ldr	r0, .L26
 319 0014 FFF7FEFF 		bl	HAL_GPIO_WritePin
  61:./Core/Src/task.c **** }
 320              		.loc 1 61 1
 321 0018 00BF     		nop
 322 001a 80BD     		pop	{r7, pc}
 323              	.L27:
 324              		.align	2
 325              	.L26:
 326 001c 000C0140 		.word	1073810432
 327              		.cfi_endproc
 328              	.LFE71:
 330              		.section	.text.yellow1_on,"ax",%progbits
 331              		.align	1
 332              		.global	yellow1_on
 333              		.syntax unified
 334              		.thumb
 335              		.thumb_func
 337              	yellow1_on:
 338              	.LFB72:
  62:./Core/Src/task.c **** void yellow1_on()
  63:./Core/Src/task.c **** {
 339              		.loc 1 63 1
 340              		.cfi_startproc
 341              		@ args = 0, pretend = 0, frame = 0
 342              		@ frame_needed = 1, uses_anonymous_args = 0
 343 0000 80B5     		push	{r7, lr}
 344              		.cfi_def_cfa_offset 8
 345              		.cfi_offset 7, -8
 346              		.cfi_offset 14, -4
 347 0002 00AF     		add	r7, sp, #0
 348              		.cfi_def_cfa_register 7
  64:./Core/Src/task.c **** 	HAL_GPIO_WritePin(LIGHT1_A_GPIO_Port, LIGHT1_A_Pin, SET);
 349              		.loc 1 64 2
 350 0004 0122     		movs	r2, #1
ARM GAS  C:\Users\DLCH\AppData\Local\Temp\cc90beD4.s 			page 8


 351 0006 4FF48061 		mov	r1, #1024
 352 000a 0548     		ldr	r0, .L29
 353 000c FFF7FEFF 		bl	HAL_GPIO_WritePin
  65:./Core/Src/task.c **** 	HAL_GPIO_WritePin(LIGHT1_B_GPIO_Port, LIGHT1_B_Pin, SET);
 354              		.loc 1 65 2
 355 0010 0122     		movs	r2, #1
 356 0012 0821     		movs	r1, #8
 357 0014 0348     		ldr	r0, .L29+4
 358 0016 FFF7FEFF 		bl	HAL_GPIO_WritePin
  66:./Core/Src/task.c **** }
 359              		.loc 1 66 1
 360 001a 00BF     		nop
 361 001c 80BD     		pop	{r7, pc}
 362              	.L30:
 363 001e 00BF     		.align	2
 364              	.L29:
 365 0020 00080140 		.word	1073809408
 366 0024 000C0140 		.word	1073810432
 367              		.cfi_endproc
 368              	.LFE72:
 370              		.section	.text.yellow2_on,"ax",%progbits
 371              		.align	1
 372              		.global	yellow2_on
 373              		.syntax unified
 374              		.thumb
 375              		.thumb_func
 377              	yellow2_on:
 378              	.LFB73:
  67:./Core/Src/task.c **** void yellow2_on()
  68:./Core/Src/task.c **** {
 379              		.loc 1 68 1
 380              		.cfi_startproc
 381              		@ args = 0, pretend = 0, frame = 0
 382              		@ frame_needed = 1, uses_anonymous_args = 0
 383 0000 80B5     		push	{r7, lr}
 384              		.cfi_def_cfa_offset 8
 385              		.cfi_offset 7, -8
 386              		.cfi_offset 14, -4
 387 0002 00AF     		add	r7, sp, #0
 388              		.cfi_def_cfa_register 7
  69:./Core/Src/task.c **** 	HAL_GPIO_WritePin(LIGHT2_A_GPIO_Port, LIGHT2_A_Pin, SET);
 389              		.loc 1 69 2
 390 0004 0122     		movs	r2, #1
 391 0006 2021     		movs	r1, #32
 392 0008 0448     		ldr	r0, .L32
 393 000a FFF7FEFF 		bl	HAL_GPIO_WritePin
  70:./Core/Src/task.c **** 	HAL_GPIO_WritePin(LIGHT2_B_GPIO_Port, LIGHT2_B_Pin, SET);
 394              		.loc 1 70 2
 395 000e 0122     		movs	r2, #1
 396 0010 1021     		movs	r1, #16
 397 0012 0248     		ldr	r0, .L32
 398 0014 FFF7FEFF 		bl	HAL_GPIO_WritePin
  71:./Core/Src/task.c **** }
 399              		.loc 1 71 1
 400 0018 00BF     		nop
 401 001a 80BD     		pop	{r7, pc}
 402              	.L33:
ARM GAS  C:\Users\DLCH\AppData\Local\Temp\cc90beD4.s 			page 9


 403              		.align	2
 404              	.L32:
 405 001c 000C0140 		.word	1073810432
 406              		.cfi_endproc
 407              	.LFE73:
 409              		.section	.text.turn_all_led_off,"ax",%progbits
 410              		.align	1
 411              		.global	turn_all_led_off
 412              		.syntax unified
 413              		.thumb
 414              		.thumb_func
 416              	turn_all_led_off:
 417              	.LFB74:
  72:./Core/Src/task.c **** 
  73:./Core/Src/task.c **** //this function is used when error detected
  74:./Core/Src/task.c **** void turn_all_led_off()
  75:./Core/Src/task.c **** {
 418              		.loc 1 75 1
 419              		.cfi_startproc
 420              		@ args = 0, pretend = 0, frame = 0
 421              		@ frame_needed = 1, uses_anonymous_args = 0
 422 0000 80B5     		push	{r7, lr}
 423              		.cfi_def_cfa_offset 8
 424              		.cfi_offset 7, -8
 425              		.cfi_offset 14, -4
 426 0002 00AF     		add	r7, sp, #0
 427              		.cfi_def_cfa_register 7
  76:./Core/Src/task.c **** 	HAL_GPIO_WritePin(LIGHT1_A_GPIO_Port, LIGHT1_A_Pin, RESET);
 428              		.loc 1 76 2
 429 0004 0022     		movs	r2, #0
 430 0006 4FF48061 		mov	r1, #1024
 431 000a 0A48     		ldr	r0, .L35
 432 000c FFF7FEFF 		bl	HAL_GPIO_WritePin
  77:./Core/Src/task.c **** 	HAL_GPIO_WritePin(LIGHT1_B_GPIO_Port, LIGHT1_B_Pin, RESET);
 433              		.loc 1 77 2
 434 0010 0022     		movs	r2, #0
 435 0012 0821     		movs	r1, #8
 436 0014 0848     		ldr	r0, .L35+4
 437 0016 FFF7FEFF 		bl	HAL_GPIO_WritePin
  78:./Core/Src/task.c **** 	HAL_GPIO_WritePin(LIGHT2_A_GPIO_Port, LIGHT2_A_Pin, RESET);
 438              		.loc 1 78 2
 439 001a 0022     		movs	r2, #0
 440 001c 2021     		movs	r1, #32
 441 001e 0648     		ldr	r0, .L35+4
 442 0020 FFF7FEFF 		bl	HAL_GPIO_WritePin
  79:./Core/Src/task.c **** 	HAL_GPIO_WritePin(LIGHT2_B_GPIO_Port, LIGHT2_B_Pin, RESET);
 443              		.loc 1 79 2
 444 0024 0022     		movs	r2, #0
 445 0026 1021     		movs	r1, #16
 446 0028 0348     		ldr	r0, .L35+4
 447 002a FFF7FEFF 		bl	HAL_GPIO_WritePin
  80:./Core/Src/task.c **** }
 448              		.loc 1 80 1
 449 002e 00BF     		nop
 450 0030 80BD     		pop	{r7, pc}
 451              	.L36:
 452 0032 00BF     		.align	2
ARM GAS  C:\Users\DLCH\AppData\Local\Temp\cc90beD4.s 			page 10


 453              	.L35:
 454 0034 00080140 		.word	1073809408
 455 0038 000C0140 		.word	1073810432
 456              		.cfi_endproc
 457              	.LFE74:
 459              		.text
 460              	.Letext0:
 461              		.file 2 "d:\\stm32cube_ide\\stm32cubeide_1.7.0\\stm32cubeide\\plugins\\com.st.stm32cube.ide.mcu.ex
 462              		.file 3 "d:\\stm32cube_ide\\stm32cubeide_1.7.0\\stm32cubeide\\plugins\\com.st.stm32cube.ide.mcu.ex
 463              		.file 4 "Drivers/CMSIS/Device/ST/STM32F1xx/Include/stm32f103xb.h"
 464              		.file 5 "Drivers/CMSIS/Device/ST/STM32F1xx/Include/stm32f1xx.h"
 465              		.file 6 "Drivers/STM32F1xx_HAL_Driver/Inc/stm32f1xx_hal_gpio.h"
 466              		.file 7 "Core/Inc/software_timer.h"
ARM GAS  C:\Users\DLCH\AppData\Local\Temp\cc90beD4.s 			page 11


DEFINED SYMBOLS
                            *ABS*:0000000000000000 task.c
C:\Users\DLCH\AppData\Local\Temp\cc90beD4.s:18     .text.green_blink:0000000000000000 $t
C:\Users\DLCH\AppData\Local\Temp\cc90beD4.s:24     .text.green_blink:0000000000000000 green_blink
C:\Users\DLCH\AppData\Local\Temp\cc90beD4.s:61     .text.green_blink:0000000000000028 $d
C:\Users\DLCH\AppData\Local\Temp\cc90beD4.s:67     .text.red_blink:0000000000000000 $t
C:\Users\DLCH\AppData\Local\Temp\cc90beD4.s:73     .text.red_blink:0000000000000000 red_blink
C:\Users\DLCH\AppData\Local\Temp\cc90beD4.s:109    .text.red_blink:000000000000002c $d
C:\Users\DLCH\AppData\Local\Temp\cc90beD4.s:116    .text.yellow_blink:0000000000000000 $t
C:\Users\DLCH\AppData\Local\Temp\cc90beD4.s:122    .text.yellow_blink:0000000000000000 yellow_blink
C:\Users\DLCH\AppData\Local\Temp\cc90beD4.s:166    .text.yellow_blink:000000000000003c $d
C:\Users\DLCH\AppData\Local\Temp\cc90beD4.s:173    .text.red1_on:0000000000000000 $t
C:\Users\DLCH\AppData\Local\Temp\cc90beD4.s:179    .text.red1_on:0000000000000000 red1_on
C:\Users\DLCH\AppData\Local\Temp\cc90beD4.s:207    .text.red1_on:0000000000000020 $d
C:\Users\DLCH\AppData\Local\Temp\cc90beD4.s:213    .text.red2_on:0000000000000000 $t
C:\Users\DLCH\AppData\Local\Temp\cc90beD4.s:219    .text.red2_on:0000000000000000 red2_on
C:\Users\DLCH\AppData\Local\Temp\cc90beD4.s:247    .text.red2_on:000000000000001c $d
C:\Users\DLCH\AppData\Local\Temp\cc90beD4.s:252    .text.green1_on:0000000000000000 $t
C:\Users\DLCH\AppData\Local\Temp\cc90beD4.s:258    .text.green1_on:0000000000000000 green1_on
C:\Users\DLCH\AppData\Local\Temp\cc90beD4.s:286    .text.green1_on:0000000000000020 $d
C:\Users\DLCH\AppData\Local\Temp\cc90beD4.s:292    .text.green2_on:0000000000000000 $t
C:\Users\DLCH\AppData\Local\Temp\cc90beD4.s:298    .text.green2_on:0000000000000000 green2_on
C:\Users\DLCH\AppData\Local\Temp\cc90beD4.s:326    .text.green2_on:000000000000001c $d
C:\Users\DLCH\AppData\Local\Temp\cc90beD4.s:331    .text.yellow1_on:0000000000000000 $t
C:\Users\DLCH\AppData\Local\Temp\cc90beD4.s:337    .text.yellow1_on:0000000000000000 yellow1_on
C:\Users\DLCH\AppData\Local\Temp\cc90beD4.s:365    .text.yellow1_on:0000000000000020 $d
C:\Users\DLCH\AppData\Local\Temp\cc90beD4.s:371    .text.yellow2_on:0000000000000000 $t
C:\Users\DLCH\AppData\Local\Temp\cc90beD4.s:377    .text.yellow2_on:0000000000000000 yellow2_on
C:\Users\DLCH\AppData\Local\Temp\cc90beD4.s:405    .text.yellow2_on:000000000000001c $d
C:\Users\DLCH\AppData\Local\Temp\cc90beD4.s:410    .text.turn_all_led_off:0000000000000000 $t
C:\Users\DLCH\AppData\Local\Temp\cc90beD4.s:416    .text.turn_all_led_off:0000000000000000 turn_all_led_off
C:\Users\DLCH\AppData\Local\Temp\cc90beD4.s:454    .text.turn_all_led_off:0000000000000034 $d
                           .group:0000000000000000 wm4.0.cb5f01749778df26340c4505df3d34d0
                           .group:0000000000000000 wm4.stm32f1xx_hal_conf.h.22.844a2f06328adeab13e6d7f89c6deb9b
                           .group:0000000000000000 wm4.stm32f1xx.h.39.208bb8a61c892b7c37d899c49a031330
                           .group:0000000000000000 wm4.stm32f103xb.h.38.ec967d5ad9d3269cb0788eebda048e38
                           .group:0000000000000000 wm4._newlib_version.h.4.bfdf54b0af045d4a71376ae00f63a22c
                           .group:0000000000000000 wm4.features.h.33.318b64d71e0957639cfb30f1db1f7ec8
                           .group:0000000000000000 wm4._default_types.h.15.247e5cd201eca3442cbf5404108c4935
                           .group:0000000000000000 wm4._intsup.h.10.48bafbb683905c4daa4565a85aeeb264
                           .group:0000000000000000 wm4._stdint.h.10.c24fa3af3bc1706662bb5593a907e841
                           .group:0000000000000000 wm4.stdint.h.23.d53047a68f4a85177f80b422d52785ed
                           .group:0000000000000000 wm4.cmsis_version.h.32.4d5822004c01a829a975260e854b5f8e
                           .group:0000000000000000 wm4.core_cm3.h.66.fc46cac19810db8f98d67da7ef88f42c
                           .group:0000000000000000 wm4.cmsis_gcc.h.26.4f5798e999d5690b80e6ded3ecc94b37
                           .group:0000000000000000 wm4.core_cm3.h.127.f4474120f1a7524deb56f9d74ff175da
                           .group:0000000000000000 wm4.stm32f103xb.h.573.10249aa7473ca93be896fed94046a725
                           .group:0000000000000000 wm4.stm32f1xx.h.162.96b09079a093c34dbd7f0b85cbd0ddee
                           .group:0000000000000000 wm4.stm32_hal_legacy.h.23.91ba5b544a4c2be2620a1e7ff0049e10
                           .group:0000000000000000 wm4.stddef.h.39.144cf5ddcd53cbfdac30259dc1a6c87f
                           .group:0000000000000000 wm4.stm32f1xx_hal_def.h.57.18d01ce1aa74e9fb44dbf16f821a574a
                           .group:0000000000000000 wm4.stm32f1xx_hal_rcc.h.95.21591bbc513aaa813c0b8640c3b32517
                           .group:0000000000000000 wm4.stm32f1xx_hal_rcc_ex.h.22.8763f99bc1e3e2dcf0febe9161d81b37
                           .group:0000000000000000 wm4.stm32f1xx_hal_rcc.h.1202.f8e5f9e0cf4eef7840facf5396029056
                           .group:0000000000000000 wm4.stm32f1xx_hal_gpio.h.22.fa638d688dcc57ca806fe6a7831b0d04
                           .group:0000000000000000 wm4.stm32f1xx_hal_gpio_ex.h.22.51a50ef3512cd78017ce666a32d364bf
                           .group:0000000000000000 wm4.stm32f1xx_hal_gpio.h.263.f5ebf2f545ade59412ab9261c8e35dc4
ARM GAS  C:\Users\DLCH\AppData\Local\Temp\cc90beD4.s 			page 12


                           .group:0000000000000000 wm4.stm32f1xx_hal_exti.h.22.e26491d042c8079c3ca67eca341af862
                           .group:0000000000000000 wm4.stm32f1xx_hal_dma.h.22.3c14338534886827bf3aeaa2a7f412a1
                           .group:0000000000000000 wm4.stm32f1xx_hal_dma_ex.h.22.001ac4d7f81ccbdcae49bd65c13858c8
                           .group:0000000000000000 wm4.stm32f1xx_hal_dma.h.409.cafcd2cfe701091535636be537c18293
                           .group:0000000000000000 wm4.stm32f1xx_hal_cortex.h.22.b5f4174bb6a50d95405567b8f50e0900
                           .group:0000000000000000 wm4.stm32f1xx_hal_flash.h.22.5cea9a7210e6315b41724b47b5fdf203
                           .group:0000000000000000 wm4.stm32f1xx_hal_flash_ex.h.22.d4e19c21f2a86fa2f8ec2c2d5f1ab2af
                           .group:0000000000000000 wm4.stm32f1xx_hal_pwr.h.22.3438c476faafc3240bf146f143df3fcd
                           .group:0000000000000000 wm4.stm32f1xx_hal_tim.h.22.a16e206564e97dbace9faae59a0d6008
                           .group:0000000000000000 wm4.stm32f1xx_hal_uart.h.22.5f7992e497faa36aa98f09f7214f4dbb
                           .group:0000000000000000 wm4.stm32f1xx_hal.h.88.91065c0692bed6019c34f1e9c00589fd
                           .group:0000000000000000 wm4.main.h.62.d895ccf9707ed1f9c21d5d1ab82a4f23

UNDEFINED SYMBOLS
setTimer3
HAL_GPIO_TogglePin
timer3_flag
HAL_GPIO_WritePin
